14 [47210219841344] INFO perfrun.launcher <> - Launcher main begin
17 [47210219841344] INFO perfrun.launcher <> - MessageCatalogInit finished
17 [47210219841344] INFO perfrun.launcher <> - Launcher instance created
17 [47210219841344] INFO perfrun.launcher <> - argc = 7; cmdline = /soft/compilers/intel-2019/vtune_amplifier_2019.4.0.597835/bin64/amplxe-runss --ui-output-format xml --ui-output-fd 6 --option-file /home/pvelesko/datadog/r004hs/config/runss.options 
46 [47210219841344] INFO perfrun.launcher <> - plugin remoteplug has been added successfully
46 [47210219841344] INFO perfrun.launcher <> - plugin system has been added successfully
46 [47210219841344] INFO perfrun.launcher <> - plugin itt has been added successfully
46 [47210219841344] INFO perfrun.launcher <> - plugin ptracecollector has been added successfully
46 [47210219841344] INFO perfrun.launcher <> - plugin gpu has been added successfully
46 [47210219841344] INFO perfrun.launcher <> - plugin  has been added successfully
46 [47210219841344] INFO perfrun.launcher <> - plugin  has been added successfully
46 [47210219841344] INFO perfrun.launcher <> - plugin  has been added successfully
46 [47210219841344] INFO perfrun.launcher <> - plugin mrte has been added successfully
46 [47210219841344] INFO perfrun.launcher <> - plugin emon has been added successfully
46 [47210219841344] INFO perfrun.launcher <> - plugin cuscol has been added successfully
46 [47210219841344] INFO perfrun.launcher <> - plugin stdsrc has been added successfully
46 [47210219841344] INFO perfrun.launcher <> - plugin sep has been added successfully
47 [47210219841344] INFO perfrun.launcher <> - plugin vtsspp has been added successfully
47 [47210219841344] INFO perfrun.sdk <> - Reading value (2) from file: /proc/sys/kernel/perf_event_paranoid
50 [47210219841344] INFO perfrun.perfcollector <> - cpu: family = 6 model = 45
50 [47210219841344] INFO perfrun.perfcollector <> - dir found : /sys/bus/event_source/devices/cpu
51 [47210219841344] INFO perfrun.perfcollector <> - format: pc config:19 mask:19
51 [47210219841344] INFO perfrun.perfcollector <> - format: any config:21 mask:21
51 [47210219841344] INFO perfrun.perfcollector <> - format: inv config:23 mask:23
51 [47210219841344] INFO perfrun.perfcollector <> - format: edge config:18 mask:18
51 [47210219841344] INFO perfrun.perfcollector <> - format: cmask config:24-31 mask:24-31
51 [47210219841344] INFO perfrun.perfcollector <> - format: event config:0-7 mask:0-7
51 [47210219841344] INFO perfrun.perfcollector <> - format: ldlat config1:0-15 mask:0-15
51 [47210219841344] INFO perfrun.perfcollector <> - format: umask config:8-15 mask:8-15
51 [47210219841344] INFO perfrun.perfcollector <> - format: offcore_rsp config1:0-63 mask:0-63
51 [47210219841344] INFO perfrun.perfcollector <> - hwInfo : PERF_CPU_PMU_DETAILS
51 [47210219841344] INFO perfrun.perfcollector <> - pmu added : family : cpu , id : 0
51 [47210219841344] INFO perfrun.perfcollector <> - dir found : /sys/bus/event_source/devices/msr
51 [47210219841344] INFO perfrun.perfcollector <> - format: event config:0-63 mask:0-63
51 [47210219841344] WARN perfrun.perfcollector <> - pmu hwInfo is not set, at file: vcs/perfrun1/plugins/perfcollector/src/controller.cpp:689
51 [47210219841344] INFO perfrun.perfcollector <> - pmu added : family : msr , id : 0
51 [47210219841344] INFO perfrun.perfcollector <> - dir found : /sys/bus/event_source/devices/software
51 [47210219841344] WARN perfrun.perfcollector <> - format subdir doesn't exist, at file: vcs/perfrun1/plugins/perfcollector/src/controller.cpp:605
51 [47210219841344] WARN perfrun.perfcollector <> - pmu hwInfo is not set, at file: vcs/perfrun1/plugins/perfcollector/src/controller.cpp:689
51 [47210219841344] INFO perfrun.perfcollector <> - pmu added : family : software , id : 0
51 [47210219841344] INFO perfrun.perfcollector <> - dir found : /sys/bus/event_source/devices/power
51 [47210219841344] INFO perfrun.perfcollector <> - format: event config:0-7 mask:0-7
51 [47210219841344] WARN perfrun.perfcollector <> - pmu hwInfo is not set, at file: vcs/perfrun1/plugins/perfcollector/src/controller.cpp:689
51 [47210219841344] INFO perfrun.perfcollector <> - pmu added : family : power , id : 0
51 [47210219841344] INFO perfrun.perfcollector <> - dir found : /sys/bus/event_source/devices/uncore_pcu
51 [47210219841344] INFO perfrun.perfcollector <> - format: inv config:23 mask:23
52 [47210219841344] INFO perfrun.perfcollector <> - format: occ_invert config:30 mask:30
52 [47210219841344] INFO perfrun.perfcollector <> - format: edge config:18 mask:18
52 [47210219841344] INFO perfrun.perfcollector <> - format: event config:0-7 mask:0-7
52 [47210219841344] INFO perfrun.perfcollector <> - format: occ_sel config:14-15 mask:14-15
52 [47210219841344] INFO perfrun.perfcollector <> - format: thresh config:24-28 mask:24-28
52 [47210219841344] INFO perfrun.perfcollector <> - format: filter_band0 config1:0-7 mask:0-7
52 [47210219841344] INFO perfrun.perfcollector <> - format: filter_band1 config1:8-15 mask:8-15
52 [47210219841344] INFO perfrun.perfcollector <> - format: filter_band2 config1:16-23 mask:16-23
52 [47210219841344] INFO perfrun.perfcollector <> - format: filter_band3 config1:24-31 mask:24-31
52 [47210219841344] INFO perfrun.perfcollector <> - format: occ_edge config:14-51 mask:14-51
52 [47210219841344] WARN perfrun.perfcollector <> - pmu hwInfo is not set, at file: vcs/perfrun1/plugins/perfcollector/src/controller.cpp:689
52 [47210219841344] INFO perfrun.perfcollector <> - pmu added : family : uncore_pcu , id : 0
52 [47210219841344] INFO perfrun.perfcollector <> - dir found : /sys/bus/event_source/devices/tracepoint
52 [47210219841344] WARN perfrun.perfcollector <> - format subdir doesn't exist, at file: vcs/perfrun1/plugins/perfcollector/src/controller.cpp:605
52 [47210219841344] WARN perfrun.perfcollector <> - pmu hwInfo is not set, at file: vcs/perfrun1/plugins/perfcollector/src/controller.cpp:689
52 [47210219841344] INFO perfrun.perfcollector <> - pmu added : family : tracepoint , id : 0
52 [47210219841344] INFO perfrun.perfcollector <> - dir found : /sys/bus/event_source/devices/uncore_imc_0
52 [47210219841344] INFO perfrun.perfcollector <> - format: inv config:23 mask:23
52 [47210219841344] INFO perfrun.perfcollector <> - format: edge config:18 mask:18
52 [47210219841344] INFO perfrun.perfcollector <> - format: event config:0-7 mask:0-7
53 [47210219841344] INFO perfrun.perfcollector <> - format: umask config:8-15 mask:8-15
53 [47210219841344] INFO perfrun.perfcollector <> - format: thresh config:24-31 mask:24-31
53 [47210219841344] INFO perfrun.perfcollector <> - hwInfo : PERF_IMC_PMU_DETAILS
53 [47210219841344] INFO perfrun.perfcollector <> - pmu added : family : uncore_imc , id : 0
53 [47210219841344] INFO perfrun.perfcollector <> - dir found : /sys/bus/event_source/devices/uncore_imc_1
53 [47210219841344] INFO perfrun.perfcollector <> - format: inv config:23 mask:23
53 [47210219841344] INFO perfrun.perfcollector <> - format: edge config:18 mask:18
53 [47210219841344] INFO perfrun.perfcollector <> - format: event config:0-7 mask:0-7
53 [47210219841344] INFO perfrun.perfcollector <> - format: umask config:8-15 mask:8-15
53 [47210219841344] INFO perfrun.perfcollector <> - format: thresh config:24-31 mask:24-31
53 [47210219841344] INFO perfrun.perfcollector <> - hwInfo : PERF_IMC_PMU_DETAILS
53 [47210219841344] INFO perfrun.perfcollector <> - pmu added : family : uncore_imc , id : 1
53 [47210219841344] INFO perfrun.perfcollector <> - dir found : /sys/bus/event_source/devices/uncore_imc_2
53 [47210219841344] INFO perfrun.perfcollector <> - format: inv config:23 mask:23
53 [47210219841344] INFO perfrun.perfcollector <> - format: edge config:18 mask:18
53 [47210219841344] INFO perfrun.perfcollector <> - format: event config:0-7 mask:0-7
53 [47210219841344] INFO perfrun.perfcollector <> - format: umask config:8-15 mask:8-15
53 [47210219841344] INFO perfrun.perfcollector <> - format: thresh config:24-31 mask:24-31
53 [47210219841344] INFO perfrun.perfcollector <> - hwInfo : PERF_IMC_PMU_DETAILS
53 [47210219841344] INFO perfrun.perfcollector <> - pmu added : family : uncore_imc , id : 2
53 [47210219841344] INFO perfrun.perfcollector <> - dir found : /sys/bus/event_source/devices/uncore_imc_3
53 [47210219841344] INFO perfrun.perfcollector <> - format: inv config:23 mask:23
53 [47210219841344] INFO perfrun.perfcollector <> - format: edge config:18 mask:18
53 [47210219841344] INFO perfrun.perfcollector <> - format: event config:0-7 mask:0-7
54 [47210219841344] INFO perfrun.perfcollector <> - format: umask config:8-15 mask:8-15
54 [47210219841344] INFO perfrun.perfcollector <> - format: thresh config:24-31 mask:24-31
54 [47210219841344] INFO perfrun.perfcollector <> - hwInfo : PERF_IMC_PMU_DETAILS
54 [47210219841344] INFO perfrun.perfcollector <> - pmu added : family : uncore_imc , id : 3
54 [47210219841344] INFO perfrun.perfcollector <> - dir found : /sys/bus/event_source/devices/uncore_qpi_0
54 [47210219841344] INFO perfrun.perfcollector <> - format: inv config:23 mask:23
54 [47210219841344] INFO perfrun.perfcollector <> - format: edge config:18 mask:18
54 [47210219841344] INFO perfrun.perfcollector <> - format: match_rnid4 config1:31 mask:31
54 [47210219841344] INFO perfrun.perfcollector <> - format: event config:0-7,21 mask:0-7,21
54 [47210219841344] INFO perfrun.perfcollector <> - format: mask0 config2:0-31 mask:0-31
54 [47210219841344] INFO perfrun.perfcollector <> - format: mask1 config2:32-63 mask:32-63
54 [47210219841344] INFO perfrun.perfcollector <> - format: umask config:8-15 mask:8-15
54 [47210219841344] INFO perfrun.perfcollector <> - format: mask_rnid30 config2:32-35 mask:32-35
54 [47210219841344] INFO perfrun.perfcollector <> - format: match_rnid30 config1:32-35 mask:32-35
54 [47210219841344] INFO perfrun.perfcollector <> - format: match_dnid config1:13-17 mask:13-17
54 [47210219841344] INFO perfrun.perfcollector <> - format: mask_mc config2:9-12 mask:9-12
54 [47210219841344] INFO perfrun.perfcollector <> - format: mask_dnid config2:13-17 mask:13-17
54 [47210219841344] INFO perfrun.perfcollector <> - format: match_opc config1:5-8 mask:5-8
54 [47210219841344] INFO perfrun.perfcollector <> - format: match_rds config1:48-51 mask:48-51
54 [47210219841344] INFO perfrun.perfcollector <> - format: match_vnw config1:3-4 mask:3-4
54 [47210219841344] INFO perfrun.perfcollector <> - format: mask_opc config2:5-8 mask:5-8
54 [47210219841344] INFO perfrun.perfcollector <> - format: mask_rds config2:48-51 mask:48-51
54 [47210219841344] INFO perfrun.perfcollector <> - format: mask_vnw config2:3-4 mask:3-4
54 [47210219841344] INFO perfrun.perfcollector <> - format: match_mc config1:9-12 mask:9-12
55 [47210219841344] INFO perfrun.perfcollector <> - format: match0 config1:0-31 mask:0-31
55 [47210219841344] INFO perfrun.perfcollector <> - format: match1 config1:32-63 mask:32-63
55 [47210219841344] INFO perfrun.perfcollector <> - format: mask_rnid4 config2:31 mask:31
55 [47210219841344] INFO perfrun.perfcollector <> - format: thresh config:24-31 mask:24-31
55 [47210219841344] INFO perfrun.perfcollector <> - hwInfo : PERF_QPI_PMU_DETAILS
55 [47210219841344] INFO perfrun.perfcollector <> - pmu added : family : uncore_qpi , id : 0
55 [47210219841344] INFO perfrun.perfcollector <> - dir found : /sys/bus/event_source/devices/uncore_qpi_1
55 [47210219841344] INFO perfrun.perfcollector <> - format: inv config:23 mask:23
55 [47210219841344] INFO perfrun.perfcollector <> - format: edge config:18 mask:18
55 [47210219841344] INFO perfrun.perfcollector <> - format: match_rnid4 config1:31 mask:31
55 [47210219841344] INFO perfrun.perfcollector <> - format: event config:0-7,21 mask:0-7,21
55 [47210219841344] INFO perfrun.perfcollector <> - format: mask0 config2:0-31 mask:0-31
55 [47210219841344] INFO perfrun.perfcollector <> - format: mask1 config2:32-63 mask:32-63
55 [47210219841344] INFO perfrun.perfcollector <> - format: umask config:8-15 mask:8-15
55 [47210219841344] INFO perfrun.perfcollector <> - format: mask_rnid30 config2:32-35 mask:32-35
55 [47210219841344] INFO perfrun.perfcollector <> - format: match_rnid30 config1:32-35 mask:32-35
55 [47210219841344] INFO perfrun.perfcollector <> - format: match_dnid config1:13-17 mask:13-17
55 [47210219841344] INFO perfrun.perfcollector <> - format: mask_mc config2:9-12 mask:9-12
55 [47210219841344] INFO perfrun.perfcollector <> - format: mask_dnid config2:13-17 mask:13-17
55 [47210219841344] INFO perfrun.perfcollector <> - format: match_opc config1:5-8 mask:5-8
55 [47210219841344] INFO perfrun.perfcollector <> - format: match_rds config1:48-51 mask:48-51
55 [47210219841344] INFO perfrun.perfcollector <> - format: match_vnw config1:3-4 mask:3-4
56 [47210219841344] INFO perfrun.perfcollector <> - format: mask_opc config2:5-8 mask:5-8
56 [47210219841344] INFO perfrun.perfcollector <> - format: mask_rds config2:48-51 mask:48-51
56 [47210219841344] INFO perfrun.perfcollector <> - format: mask_vnw config2:3-4 mask:3-4
56 [47210219841344] INFO perfrun.perfcollector <> - format: match_mc config1:9-12 mask:9-12
56 [47210219841344] INFO perfrun.perfcollector <> - format: match0 config1:0-31 mask:0-31
56 [47210219841344] INFO perfrun.perfcollector <> - format: match1 config1:32-63 mask:32-63
56 [47210219841344] INFO perfrun.perfcollector <> - format: mask_rnid4 config2:31 mask:31
56 [47210219841344] INFO perfrun.perfcollector <> - format: thresh config:24-31 mask:24-31
56 [47210219841344] INFO perfrun.perfcollector <> - hwInfo : PERF_QPI_PMU_DETAILS
56 [47210219841344] INFO perfrun.perfcollector <> - pmu added : family : uncore_qpi , id : 1
56 [47210219841344] INFO perfrun.perfcollector <> - dir found : /sys/bus/event_source/devices/uncore_cbox_0
56 [47210219841344] INFO perfrun.perfcollector <> - format: inv config:23 mask:23
56 [47210219841344] INFO perfrun.perfcollector <> - format: edge config:18 mask:18
56 [47210219841344] INFO perfrun.perfcollector <> - format: event config:0-7 mask:0-7
56 [47210219841344] INFO perfrun.perfcollector <> - format: umask config:8-15 mask:8-15
56 [47210219841344] INFO perfrun.perfcollector <> - format: filter_nid config1:10-17 mask:10-17
56 [47210219841344] INFO perfrun.perfcollector <> - format: filter_opc config1:23-31 mask:23-31
56 [47210219841344] INFO perfrun.perfcollector <> - format: filter_tid config1:0-4 mask:0-4
56 [47210219841344] INFO perfrun.perfcollector <> - format: tid_en config:19 mask:19
56 [47210219841344] INFO perfrun.perfcollector <> - format: thresh config:24-31 mask:24-31
56 [47210219841344] INFO perfrun.perfcollector <> - format: filter_state config1:18-22 mask:18-22
56 [47210219841344] WARN perfrun.perfcollector <> - pmu hwInfo is not set, at file: vcs/perfrun1/plugins/perfcollector/src/controller.cpp:689
56 [47210219841344] INFO perfrun.perfcollector <> - pmu added : family : uncore_cbox , id : 0
56 [47210219841344] INFO perfrun.perfcollector <> - dir found : /sys/bus/event_source/devices/uncore_cbox_1
57 [47210219841344] INFO perfrun.perfcollector <> - format: inv config:23 mask:23
57 [47210219841344] INFO perfrun.perfcollector <> - format: edge config:18 mask:18
57 [47210219841344] INFO perfrun.perfcollector <> - format: event config:0-7 mask:0-7
57 [47210219841344] INFO perfrun.perfcollector <> - format: umask config:8-15 mask:8-15
57 [47210219841344] INFO perfrun.perfcollector <> - format: filter_nid config1:10-17 mask:10-17
57 [47210219841344] INFO perfrun.perfcollector <> - format: filter_opc config1:23-31 mask:23-31
57 [47210219841344] INFO perfrun.perfcollector <> - format: filter_tid config1:0-4 mask:0-4
57 [47210219841344] INFO perfrun.perfcollector <> - format: tid_en config:19 mask:19
57 [47210219841344] INFO perfrun.perfcollector <> - format: thresh config:24-31 mask:24-31
57 [47210219841344] INFO perfrun.perfcollector <> - format: filter_state config1:18-22 mask:18-22
57 [47210219841344] WARN perfrun.perfcollector <> - pmu hwInfo is not set, at file: vcs/perfrun1/plugins/perfcollector/src/controller.cpp:689
57 [47210219841344] INFO perfrun.perfcollector <> - pmu added : family : uncore_cbox , id : 1
57 [47210219841344] INFO perfrun.perfcollector <> - dir found : /sys/bus/event_source/devices/uncore_cbox_2
57 [47210219841344] INFO perfrun.perfcollector <> - format: inv config:23 mask:23
57 [47210219841344] INFO perfrun.perfcollector <> - format: edge config:18 mask:18
57 [47210219841344] INFO perfrun.perfcollector <> - format: event config:0-7 mask:0-7
57 [47210219841344] INFO perfrun.perfcollector <> - format: umask config:8-15 mask:8-15
57 [47210219841344] INFO perfrun.perfcollector <> - format: filter_nid config1:10-17 mask:10-17
57 [47210219841344] INFO perfrun.perfcollector <> - format: filter_opc config1:23-31 mask:23-31
57 [47210219841344] INFO perfrun.perfcollector <> - format: filter_tid config1:0-4 mask:0-4
57 [47210219841344] INFO perfrun.perfcollector <> - format: tid_en config:19 mask:19
57 [47210219841344] INFO perfrun.perfcollector <> - format: thresh config:24-31 mask:24-31
58 [47210219841344] INFO perfrun.perfcollector <> - format: filter_state config1:18-22 mask:18-22
58 [47210219841344] WARN perfrun.perfcollector <> - pmu hwInfo is not set, at file: vcs/perfrun1/plugins/perfcollector/src/controller.cpp:689
58 [47210219841344] INFO perfrun.perfcollector <> - pmu added : family : uncore_cbox , id : 2
58 [47210219841344] INFO perfrun.perfcollector <> - dir found : /sys/bus/event_source/devices/uncore_cbox_3
58 [47210219841344] INFO perfrun.perfcollector <> - format: inv config:23 mask:23
58 [47210219841344] INFO perfrun.perfcollector <> - format: edge config:18 mask:18
58 [47210219841344] INFO perfrun.perfcollector <> - format: event config:0-7 mask:0-7
58 [47210219841344] INFO perfrun.perfcollector <> - format: umask config:8-15 mask:8-15
58 [47210219841344] INFO perfrun.perfcollector <> - format: filter_nid config1:10-17 mask:10-17
58 [47210219841344] INFO perfrun.perfcollector <> - format: filter_opc config1:23-31 mask:23-31
58 [47210219841344] INFO perfrun.perfcollector <> - format: filter_tid config1:0-4 mask:0-4
58 [47210219841344] INFO perfrun.perfcollector <> - format: tid_en config:19 mask:19
58 [47210219841344] INFO perfrun.perfcollector <> - format: thresh config:24-31 mask:24-31
58 [47210219841344] INFO perfrun.perfcollector <> - format: filter_state config1:18-22 mask:18-22
58 [47210219841344] WARN perfrun.perfcollector <> - pmu hwInfo is not set, at file: vcs/perfrun1/plugins/perfcollector/src/controller.cpp:689
58 [47210219841344] INFO perfrun.perfcollector <> - pmu added : family : uncore_cbox , id : 3
58 [47210219841344] INFO perfrun.perfcollector <> - dir found : /sys/bus/event_source/devices/uncore_cbox_4
58 [47210219841344] INFO perfrun.perfcollector <> - format: inv config:23 mask:23
58 [47210219841344] INFO perfrun.perfcollector <> - format: edge config:18 mask:18
58 [47210219841344] INFO perfrun.perfcollector <> - format: event config:0-7 mask:0-7
58 [47210219841344] INFO perfrun.perfcollector <> - format: umask config:8-15 mask:8-15
58 [47210219841344] INFO perfrun.perfcollector <> - format: filter_nid config1:10-17 mask:10-17
59 [47210219841344] INFO perfrun.perfcollector <> - format: filter_opc config1:23-31 mask:23-31
59 [47210219841344] INFO perfrun.perfcollector <> - format: filter_tid config1:0-4 mask:0-4
59 [47210219841344] INFO perfrun.perfcollector <> - format: tid_en config:19 mask:19
59 [47210219841344] INFO perfrun.perfcollector <> - format: thresh config:24-31 mask:24-31
59 [47210219841344] INFO perfrun.perfcollector <> - format: filter_state config1:18-22 mask:18-22
59 [47210219841344] WARN perfrun.perfcollector <> - pmu hwInfo is not set, at file: vcs/perfrun1/plugins/perfcollector/src/controller.cpp:689
59 [47210219841344] INFO perfrun.perfcollector <> - pmu added : family : uncore_cbox , id : 4
59 [47210219841344] INFO perfrun.perfcollector <> - dir found : /sys/bus/event_source/devices/uncore_cbox_5
59 [47210219841344] INFO perfrun.perfcollector <> - format: inv config:23 mask:23
59 [47210219841344] INFO perfrun.perfcollector <> - format: edge config:18 mask:18
59 [47210219841344] INFO perfrun.perfcollector <> - format: event config:0-7 mask:0-7
59 [47210219841344] INFO perfrun.perfcollector <> - format: umask config:8-15 mask:8-15
59 [47210219841344] INFO perfrun.perfcollector <> - format: filter_nid config1:10-17 mask:10-17
59 [47210219841344] INFO perfrun.perfcollector <> - format: filter_opc config1:23-31 mask:23-31
59 [47210219841344] INFO perfrun.perfcollector <> - format: filter_tid config1:0-4 mask:0-4
59 [47210219841344] INFO perfrun.perfcollector <> - format: tid_en config:19 mask:19
59 [47210219841344] INFO perfrun.perfcollector <> - format: thresh config:24-31 mask:24-31
59 [47210219841344] INFO perfrun.perfcollector <> - format: filter_state config1:18-22 mask:18-22
59 [47210219841344] WARN perfrun.perfcollector <> - pmu hwInfo is not set, at file: vcs/perfrun1/plugins/perfcollector/src/controller.cpp:689
59 [47210219841344] INFO perfrun.perfcollector <> - pmu added : family : uncore_cbox , id : 5
59 [47210219841344] INFO perfrun.perfcollector <> - dir found : /sys/bus/event_source/devices/uncore_cbox_6
59 [47210219841344] INFO perfrun.perfcollector <> - format: inv config:23 mask:23
59 [47210219841344] INFO perfrun.perfcollector <> - format: edge config:18 mask:18
60 [47210219841344] INFO perfrun.perfcollector <> - format: event config:0-7 mask:0-7
60 [47210219841344] INFO perfrun.perfcollector <> - format: umask config:8-15 mask:8-15
60 [47210219841344] INFO perfrun.perfcollector <> - format: filter_nid config1:10-17 mask:10-17
60 [47210219841344] INFO perfrun.perfcollector <> - format: filter_opc config1:23-31 mask:23-31
60 [47210219841344] INFO perfrun.perfcollector <> - format: filter_tid config1:0-4 mask:0-4
60 [47210219841344] INFO perfrun.perfcollector <> - format: tid_en config:19 mask:19
60 [47210219841344] INFO perfrun.perfcollector <> - format: thresh config:24-31 mask:24-31
60 [47210219841344] INFO perfrun.perfcollector <> - format: filter_state config1:18-22 mask:18-22
60 [47210219841344] WARN perfrun.perfcollector <> - pmu hwInfo is not set, at file: vcs/perfrun1/plugins/perfcollector/src/controller.cpp:689
60 [47210219841344] INFO perfrun.perfcollector <> - pmu added : family : uncore_cbox , id : 6
60 [47210219841344] INFO perfrun.perfcollector <> - dir found : /sys/bus/event_source/devices/uncore_cbox_7
60 [47210219841344] INFO perfrun.perfcollector <> - format: inv config:23 mask:23
60 [47210219841344] INFO perfrun.perfcollector <> - format: edge config:18 mask:18
60 [47210219841344] INFO perfrun.perfcollector <> - format: event config:0-7 mask:0-7
60 [47210219841344] INFO perfrun.perfcollector <> - format: umask config:8-15 mask:8-15
60 [47210219841344] INFO perfrun.perfcollector <> - format: filter_nid config1:10-17 mask:10-17
60 [47210219841344] INFO perfrun.perfcollector <> - format: filter_opc config1:23-31 mask:23-31
60 [47210219841344] INFO perfrun.perfcollector <> - format: filter_tid config1:0-4 mask:0-4
60 [47210219841344] INFO perfrun.perfcollector <> - format: tid_en config:19 mask:19
60 [47210219841344] INFO perfrun.perfcollector <> - format: thresh config:24-31 mask:24-31
60 [47210219841344] INFO perfrun.perfcollector <> - format: filter_state config1:18-22 mask:18-22
60 [47210219841344] WARN perfrun.perfcollector <> - pmu hwInfo is not set, at file: vcs/perfrun1/plugins/perfcollector/src/controller.cpp:689
60 [47210219841344] INFO perfrun.perfcollector <> - pmu added : family : uncore_cbox , id : 7
60 [47210219841344] INFO perfrun.perfcollector <> - dir found : /sys/bus/event_source/devices/uncore_ha
61 [47210219841344] INFO perfrun.perfcollector <> - format: inv config:23 mask:23
61 [47210219841344] INFO perfrun.perfcollector <> - format: edge config:18 mask:18
61 [47210219841344] INFO perfrun.perfcollector <> - format: event config:0-7 mask:0-7
61 [47210219841344] INFO perfrun.perfcollector <> - format: umask config:8-15 mask:8-15
61 [47210219841344] INFO perfrun.perfcollector <> - format: thresh config:24-31 mask:24-31
61 [47210219841344] WARN perfrun.perfcollector <> - pmu hwInfo is not set, at file: vcs/perfrun1/plugins/perfcollector/src/controller.cpp:689
61 [47210219841344] INFO perfrun.perfcollector <> - pmu added : family : uncore_ha , id : 0
61 [47210219841344] INFO perfrun.perfcollector <> - dir found : /sys/bus/event_source/devices/kprobe
61 [47210219841344] INFO perfrun.perfcollector <> - format: retprobe config:0 mask:0
61 [47210219841344] WARN perfrun.perfcollector <> - pmu hwInfo is not set, at file: vcs/perfrun1/plugins/perfcollector/src/controller.cpp:689
61 [47210219841344] INFO perfrun.perfcollector <> - pmu added : family : kprobe , id : 0
61 [47210219841344] INFO perfrun.perfcollector <> - dir found : /sys/bus/event_source/devices/uncore_r2pcie
61 [47210219841344] INFO perfrun.perfcollector <> - format: inv config:23 mask:23
61 [47210219841344] INFO perfrun.perfcollector <> - format: edge config:18 mask:18
61 [47210219841344] INFO perfrun.perfcollector <> - format: event config:0-7 mask:0-7
61 [47210219841344] INFO perfrun.perfcollector <> - format: umask config:8-15 mask:8-15
61 [47210219841344] INFO perfrun.perfcollector <> - format: thresh config:24-31 mask:24-31
61 [47210219841344] WARN perfrun.perfcollector <> - pmu hwInfo is not set, at file: vcs/perfrun1/plugins/perfcollector/src/controller.cpp:689
61 [47210219841344] INFO perfrun.perfcollector <> - pmu added : family : uncore_r2pcie , id : 0
61 [47210219841344] INFO perfrun.perfcollector <> - dir found : /sys/bus/event_source/devices/uncore_r3qpi_0
61 [47210219841344] INFO perfrun.perfcollector <> - format: inv config:23 mask:23
61 [47210219841344] INFO perfrun.perfcollector <> - format: edge config:18 mask:18
62 [47210219841344] INFO perfrun.perfcollector <> - format: event config:0-7 mask:0-7
62 [47210219841344] INFO perfrun.perfcollector <> - format: umask config:8-15 mask:8-15
62 [47210219841344] INFO perfrun.perfcollector <> - format: thresh config:24-31 mask:24-31
62 [47210219841344] WARN perfrun.perfcollector <> - pmu hwInfo is not set, at file: vcs/perfrun1/plugins/perfcollector/src/controller.cpp:689
62 [47210219841344] INFO perfrun.perfcollector <> - pmu added : family : uncore_r3qpi , id : 0
62 [47210219841344] INFO perfrun.perfcollector <> - dir found : /sys/bus/event_source/devices/uncore_r3qpi_1
62 [47210219841344] INFO perfrun.perfcollector <> - format: inv config:23 mask:23
62 [47210219841344] INFO perfrun.perfcollector <> - format: edge config:18 mask:18
62 [47210219841344] INFO perfrun.perfcollector <> - format: event config:0-7 mask:0-7
62 [47210219841344] INFO perfrun.perfcollector <> - format: umask config:8-15 mask:8-15
62 [47210219841344] INFO perfrun.perfcollector <> - format: thresh config:24-31 mask:24-31
62 [47210219841344] WARN perfrun.perfcollector <> - pmu hwInfo is not set, at file: vcs/perfrun1/plugins/perfcollector/src/controller.cpp:689
62 [47210219841344] INFO perfrun.perfcollector <> - pmu added : family : uncore_r3qpi , id : 1
62 [47210219841344] INFO perfrun.perfcollector <> - dir found : /sys/bus/event_source/devices/uprobe
62 [47210219841344] INFO perfrun.perfcollector <> - format: retprobe config:0 mask:0
62 [47210219841344] WARN perfrun.perfcollector <> - pmu hwInfo is not set, at file: vcs/perfrun1/plugins/perfcollector/src/controller.cpp:689
62 [47210219841344] INFO perfrun.perfcollector <> - pmu added : family : uprobe , id : 0
62 [47210219841344] INFO perfrun.perfcollector <> - dir found : /sys/bus/event_source/devices/intel_bts
62 [47210219841344] WARN perfrun.perfcollector <> - format subdir doesn't exist, at file: vcs/perfrun1/plugins/perfcollector/src/controller.cpp:605
62 [47210219841344] WARN perfrun.perfcollector <> - pmu hwInfo is not set, at file: vcs/perfrun1/plugins/perfcollector/src/controller.cpp:689
62 [47210219841344] INFO perfrun.perfcollector <> - pmu added : family : intel_bts , id : 0
62 [47210219841344] INFO perfrun.perfcollector <> - dir found : /sys/bus/event_source/devices/breakpoint
62 [47210219841344] WARN perfrun.perfcollector <> - format subdir doesn't exist, at file: vcs/perfrun1/plugins/perfcollector/src/controller.cpp:605
62 [47210219841344] WARN perfrun.perfcollector <> - pmu hwInfo is not set, at file: vcs/perfrun1/plugins/perfcollector/src/controller.cpp:689
62 [47210219841344] INFO perfrun.perfcollector <> - pmu added : family : breakpoint , id : 0
62 [47210219841344] INFO perfrun.perfcollector <> - dir found : /sys/bus/event_source/devices/uncore_ubox
62 [47210219841344] INFO perfrun.perfcollector <> - format: inv config:23 mask:23
63 [47210219841344] INFO perfrun.perfcollector <> - format: edge config:18 mask:18
63 [47210219841344] INFO perfrun.perfcollector <> - format: event config:0-7 mask:0-7
63 [47210219841344] INFO perfrun.perfcollector <> - format: umask config:8-15 mask:8-15
63 [47210219841344] INFO perfrun.perfcollector <> - format: thresh config:24-28 mask:24-28
63 [47210219841344] WARN perfrun.perfcollector <> - pmu hwInfo is not set, at file: vcs/perfrun1/plugins/perfcollector/src/controller.cpp:689
63 [47210219841344] INFO perfrun.perfcollector <> - pmu added : family : uncore_ubox , id : 0
63 [47210219841344] INFO perfrun.launcher <> - plugin perf has been added successfully
63 [47210219841344] INFO perfrun.launcher <> - plugin tpss has been added successfully
63 [47210219841344] INFO perfrun.launcher <> - plugin exprof has been added successfully
63 [47210219841344] INFO perfrun.launcher <> - plugin media has been added successfully
63 [47210219841344] INFO perfrun.launcher <> - plugin ice has been added successfully
63 [47210219841344] INFO perfrun.launcher <> - plugin  has been added successfully
63 [47210219841344] INFO perfrun.launcher <> - plugin  has been added successfully
63 [47210219841344] INFO perfrun.launcher <> - plugin parallelfs has been added successfully
63 [47210219841344] INFO perfrun.launcher <> - plugin power has been added successfully
64 [47210219841344] INFO perfrun.launcher <> - the option was added --interval: Specify an interval of data collection (for example, sampling) in milliseconds.
64 [47210219841344] INFO perfrun.launcher <> - the option was added --follow-child: Profile process with or without children.
64 [47210219841344] INFO perfrun.launcher <> - the option was added --gelding: BADMSG: perfrun1.launcher.plugin_manager::gelding
64 [47210219841344] INFO perfrun.launcher <> - the option was added --time-source: Specify time source for measurement. Possible values: sys - wall clock time; tsc - time stamp counter; ext - time from an external source; auto - auto select accurate time source.
64 [47210219841344] INFO perfrun.launcher <> - the option was added --stack: Enable or disable collection of stacks.
64 [47210219841344] INFO perfrun.launcher <> - the option was added --stack-stitching: Enable or disable the stack stitching algorithm for Intel TBB-based applications.
64 [47210219841344] INFO perfrun.launcher <> - the option was added --type: Specify type of data to be collected. For example, --type cpu:counters,waiting:nostack,io.
65 [47210219841344] INFO perfrun.launcher <> - the option was added --mrte-mode: Specify Java/.NET/other managed runtime collection mode. Possible values: native - collect information only for native code; managed - collect information only for managed code; mixed - collect information for both managed and native code; auto - choose the mode based on binary type.
65 [47210219841344] INFO perfrun.launcher <> - the option was added --mrte-mode-list: List supported Java/.NET/other managed runtime collection modes.
65 [47210219841344] INFO perfrun.launcher <> - the option was added --mrte-type: Specify which managed runtimes to collect. Possible values: java - collect information for Java; dotnet - collect information for .NET; python - collect information for CPython. You can specify several values separated by comma.
65 [47210219841344] INFO perfrun.launcher <> - the option was added --mrte-type-list: List supported Java/.NET/other managed runtime types.
65 [47210219841344] INFO perfrun.launcher <> - the option was added --trace-strategy: Specify how to profile a process tree. <string> can be "<process>:trace:notrace" - profile the process but do not profile its children. Shorthand parameters: t - trace, nt - notrace. For example, "vtunedemo.exe:t:t".
65 [47210219841344] INFO perfrun.launcher <> - the option was added --collector: BADMSG: perfrun1.launcher.plugin_manager::collector
65 [47210219841344] INFO perfrun.launcher <> - the option was added --system-wide: Enable system-wide profiling. This mode may require additional permissions.
65 [47210219841344] INFO perfrun.launcher <> - the option was added --kvm-guest: Enable KVM guest OS profiling.
65 [47210219841344] INFO perfrun.launcher <> - the option was added --kvm-guest-kallsyms: Specify a local path to the /proc/kallsyms file copied from the guest OS for proper symbol resolution.
65 [47210219841344] INFO perfrun.launcher <> - the option was added --kvm-guest-modules: Specify a local path to the /proc/modules file copied from the guest OS for proper symbol resolution.
65 [47210219841344] INFO perfrun.launcher <> - the option was added --dump-vdso: Dump [vdso] to result directory
65 [47210219841344] INFO perfrun.launcher <> - the option was added --bandwidth-limits: Measure bandwidth limits
65 [47210219841344] INFO perfrun.launcher <> - the option was added --acrn-map-info: Collect map info for ACRN
65 [47210219841344] INFO perfrun.launcher <> - the option was added --bandwidth-strategy: Bandwidth limits determination specific properties (example: --bandwidth-strategy array-size=0,duration=500).
65 [47210219841344] INFO perfrun.launcher <> - the option was added --bandwidth-config: List of benchmarks to run.
65 [47210219841344] INFO perfrun.launcher <> - the option was added --system-collector-config: Specify subcollectors. Possible values: all, vdso, container, device-info, none.
65 [47210219841344] INFO perfrun.launcher <> - the option was added --itt-config: Specify a sub-set of ITT API to collect.
65 [47210219841344] INFO perfrun.launcher <> - the option was added --itt-debug: Set pseudo-breakpoint at ITT API collector's start to enable the debugger to attach early.
65 [47210219841344] INFO perfrun.launcher <> - the option was added --ptrace: Ptrace collector.
65 [47210219841344] INFO perfrun.launcher <> - the option was added --target-pid: BADMSG: perfrun1.ptracecollector::target-pid
66 [47210219841344] INFO perfrun.launcher <> - the option was added --ptrace-server-pid: BADMSG: perfrun1.ptracecollector::ptrace-server-pid
66 [47210219841344] INFO perfrun.launcher <> - the option was added --ptrace-trace: BADMSG: perfrun1.ptracecollector::ptrace-trace
66 [47210219841344] INFO perfrun.launcher <> - the option was added --ptrace-time-source: BADMSG: perfrun1.ptracecollector::ptrace-time-source
66 [47210219841344] INFO perfrun.launcher <> - the option was added --ptrace-start-type: BADMSG: perfrun1.ptracecollector::ptrace-start-type
66 [47210219841344] INFO perfrun.launcher <> - the option was added --gpu-config: Specify types of GPU data to be collected. Possible values: preset1, preset2.
66 [47210219841344] INFO perfrun.launcher <> - the option was added --gpu-debug: Enable self-testing of the GPGPU profiling collector.
66 [47210219841344] INFO perfrun.launcher <> - the option was added --custom-collector: Allows to provide arbitrary command line to be run on collection steps.
66 [47210219841344] INFO perfrun.launcher <> - the option was added --stdsrc-config: Specify Standard Sources category tag(s).
66 [47210219841344] INFO perfrun.launcher <> - the option was added --ftrace-config-list: List Linux Ftrace category tag(s).
66 [47210219841344] INFO perfrun.launcher <> - the option was added --ftrace-config: Specify Linux Ftrace category tag(s).
66 [47210219841344] INFO perfrun.launcher <> - the option was added --ftrace-function-groups: Enable tracing of specific groups of functions.
66 [47210219841344] INFO perfrun.launcher <> - the option was added --event-info: BADMSG: perfrun1.stdsrc::event-info
66 [47210219841344] INFO perfrun.launcher <> - the option was added --cpu-list: List supported CPUs.
66 [47210219841344] INFO perfrun.launcher <> - the option was added --target-list: List available targets for performing sampling collection.
66 [47210219841344] INFO perfrun.launcher <> - the option was added --event-value-list: Display event information.
66 [47210219841344] INFO perfrun.launcher <> - the option was added --platform-value-list: Display details of supported platforms.
66 [47210219841344] INFO perfrun.launcher <> - the option was added --uncore-event-list: List uncore events for which a sampling data collection can be performed on this platform.
66 [47210219841344] INFO perfrun.launcher <> - the option was added --modifier-list: Specify the event name <string> for which the modifiers list is requested.
66 [47210219841344] INFO perfrun.launcher <> - the option was added --pmu-list: List supported PMUs.
66 [47210219841344] INFO perfrun.launcher <> - the option was added --os-mode-only: Enable sampling data collection for OS-mode processes only.
66 [47210219841344] INFO perfrun.launcher <> - the option was added --user-mode-only: Enable sampling data collection for user-mode processes only.
66 [47210219841344] INFO perfrun.launcher <> - the option was added --event-config: Perform data collection for the events with <string> configured using the format <event name1>":modifier1=val:modifier2=val/constraint1={:modifier3=val:modifier4=val}...,"<event name2>":... Specify the events(s) to monitor and embed the event names within double quotes("). [:modifier=val] specifies individual event modifiers along with the respective values for a given platform. Note that the modifiers can be generic to an event as well as specific to a constraint (or an event qualifier). The constraint specific special modifiers appear after [/constraint=]. The modifiers can be in decimal or hexadecimal format. Only specific modifiers accept the value as a string. Each event specification is delimited by a comma (,). For a list of supported modifiers and constraints, refer to the documentation.
66 [47210219841344] INFO perfrun.launcher <> - the option was added --chipset-event-config: Perform data collection for the chipset events with <string> configured using the format "<event name1>"...,"<event name2>":... Specify the events(s) to monitor and embed the event names within double quotes(").
67 [47210219841344] INFO perfrun.launcher <> - the option was added --uncore-event-config: Perform uncore data collection in ebc count mode for the events with <string> configured using the format "<event name1>"...,"<event name2>":... Specify the events(s) to monitor and embed the event names within double quotes(").
67 [47210219841344] INFO perfrun.launcher <> - the option was added --count-emon: Enable counting mode and output the data in EMON format.
67 [47210219841344] INFO perfrun.launcher <> - the option was added --event-based-counts: Enable event-based counting mode. During sampling data collection, event counts data is collected for the list of events specified in -event-config option.
67 [47210219841344] INFO perfrun.launcher <> - the option was added --event-mux-tfactor: Specify the event multiplexing tfactor as <integer> to set the length of the interval between interrupts. The larger the tfactor value, the larger the period between interrupts. Currently this option is only available on Intel platforms codenamed Knights Corner.
67 [47210219841344] INFO perfrun.launcher <> - the option was added --full-pebs-capture: Capture full pebs information.
67 [47210219841344] INFO perfrun.launcher <> - the option was added --last-branch-records: Capture Last Branch Records information.
67 [47210219841344] INFO perfrun.launcher <> - the option was added --pmu-type: Specify the targeted PMU name as <string>.
67 [47210219841344] INFO perfrun.launcher <> - the option was added --platform-type: Specify the targeted platform number as <number>.
67 [47210219841344] INFO perfrun.launcher <> - the option was added --p-state-trigger: Specify the name of the trigger event for P-state data as <string>. The default trigger is CPU_CLK_UNHALTED.REF_TSC.
67 [47210219841344] INFO perfrun.launcher <> - the option was added --bts-count: Specify the <integer> number of BTS records collected after each sample or context switch (VTSS++ only).
67 [47210219841344] INFO perfrun.launcher <> - the option was added --cpu-mask: Specify which CPU(s) <string> to collect data on. For example, specify "2-8,10,12-14" to sample only CPUs 2 through 8, 10, and 12 through 14.
67 [47210219841344] INFO perfrun.launcher <> - the option was added --event-mux-alg: Specify the event multiplexing algorithm. Possible values: sequence, timer, trigger.
67 [47210219841344] INFO perfrun.launcher <> - the option was added --event-mux-timeslice: Specify the event multiplexing time slice value as <integer>. The time slice specifies the duration between cycles for each event multiplexing group. The default value is 50 milliseconds. This option is valid only for timer-based event multiplexing. Specify the event multiplexing time slice value as <integer>. The time slice specifies the duration between cycles for each event multiplexing group. The default value is 1 millisecond. This option is valid only for timer-based event multiplexing.
67 [47210219841344] INFO perfrun.launcher <> - the option was added --event-mux-factor: Specify the event multiplexing factor as <integer>. It controls the switching of event multiplexing groups. The default factor is 50. This option is valid only for trigger-based event multiplexing. Specify the event multiplexing factor as <integer>. It controls the switching of event multiplexing groups. The default factor is 1. This option is valid only for trigger-based event multiplexing.
67 [47210219841344] INFO perfrun.launcher <> - the option was added --event-mux-trigger: Specify the name of the trigger event for event multiplexing as <string>. This option is valid only for trigger-based event multiplexing. The default trigger is CPU_CLK_UNHALTED.CORE (or CPU_CLK_UNHALTED.THREAD). BADMSG: perfrun1.vtsspp::event-mux-trigger
67 [47210219841344] INFO perfrun.launcher <> - the option was added --pt-mode: BADMSG: perfrun1.vtsspp::pt-mode
67 [47210219841344] INFO perfrun.launcher <> - the option was added --sample-after-multiplier: Specify the sample after multiplier as <double>. This multiplier modifies the sample after value for all the events specified in -event-config option. The values can range from 0.1 to 100.0. SAV multiplier value
67 [47210219841344] INFO perfrun.launcher <> - the option was added --uncore-sampling-interval: Specify the uncore sampling interval as <integer>. This value set the uncore sampling interval for all the uncore events specified in -event-config option.
67 [47210219841344] INFO perfrun.launcher <> - the option was added --count: Enable counting mode. Enable counting mode
67 [47210219841344] INFO perfrun.launcher <> - the option was added --trace-mpi: Configure collector to trace MPI code.
67 [47210219841344] INFO perfrun.launcher <> - the option was added --raw-perf-config: Specify a verified configuration for the Perf collector in the format: <describer>,<content>. For example: map-events-file,<path_to_map_events_file>.
67 [47210219841344] INFO perfrun.launcher <> - the option was added --sys-config: BADMSG: perfrun1.vtsspp::sys-config Specify types of system data to be collected. Supported value: cswitch - collect context switch information.
67 [47210219841344] INFO perfrun.launcher <> - the option was added --perf-event-config: Specify events for Perf collector in Perf format. For example: perf-event-config=cpu-clock.
67 [47210219841344] INFO perfrun.launcher <> - the option was added --perf-aio: Number of control blocks in asynchronous trace writing mode.
68 [47210219841344] INFO perfrun.launcher <> - the option was added --perf-compression: Specify compression of Perf collector output data. Possible levels: 0 - without compression, 1..3 - best speed, 4..22 - best compression that incurs big overhead.
68 [47210219841344] INFO perfrun.launcher <> - the option was added --perf-min-mmap-read: Minimum data size read from the kernel mapped region.
68 [47210219841344] INFO perfrun.launcher <> - the option was added --perf-affinity: Adjust an affinity mask of the Perf thread to a node with an allocated memory trace buffer.
68 [47210219841344] INFO perfrun.launcher <> - the option was added --stackwalk: Specify stack unwinding method. Possible values: online - unwind stacks during collection; offline - unwind stacks after collection is finished. Specify stack unwinding method. Possible value: lbr - unwind stacks during collection. Specify stack unwinding method. Possible values: online - unwind stacks during collection; offline - unwind stacks after collection is finished; lbr - enable LBR-based call stack collection. Specify stack unwinding method. Possible values: online - unwind stacks during collection; offline - unwind stacks after collection is finished. Specify stack unwinding method. Possible values: online - unwind stacks during collection; offline - unwind stacks after collection is finished.
68 [47210219841344] INFO perfrun.launcher <> - the option was added --filter-include: Filter data during collection. Possible values: contended=<on|off> - filter out uncontended events; contended_nostack=<time> - filter out stacks for contended events that take less than <time> microseconds; wait=<time> - ignore transitions and blocks with wait time less than <time> microseconds; wait_nostack=<time> - filter out stacks for waits that take less than <time> microseconds.
68 [47210219841344] INFO perfrun.launcher <> - the option was added --debug-pin: Debug PIN tool and runtime.
68 [47210219841344] INFO perfrun.launcher <> - the option was added --debug-exception: Disallow the application to set own abnormal termination handler.
68 [47210219841344] INFO perfrun.launcher <> - the option was added --trace-type: Specify the trace file granularity. Possible values: per-thread - per-thread trace file generation; per-process - per-process trace file generation.
68 [47210219841344] INFO perfrun.launcher <> - the option was added --instrumentation-type: Specify type of instrumentation.
68 [47210219841344] INFO perfrun.launcher <> - the option was added --altstack: Enable or disable usage of altstacks for profiling signal handlers.
68 [47210219841344] INFO perfrun.launcher <> - the option was added --profiling-signal: BADMSG: perfrun1.ptracecollector::profiling-signal Alternate profiling signal.
68 [47210219841344] INFO perfrun.launcher <> - the option was added --memory-strategy: Specify a minimal memory object size to be traced and a hash table size for faster objects search; for example: --memory-strategy obj-size-min=1024,hash-table-size=4096.
68 [47210219841344] INFO perfrun.launcher <> - the option was added --gpu-profiling-config: Specify a type of deep GPU profiling applied for all kernels and a comma-separated list of GPU kernel names and invocations in the following format: profiling_type[@kernel_name[:start_idx:step:stop_idx]], where profiling_type is one of following: none, bblatency, memlatency; kernel_name is the name of GPU kernel; start_idx is the number of the first invocation; and stop_idx is the number of the last invocation to be profiled.
68 [47210219841344] INFO perfrun.launcher <> - the option was added --opencl-trace-mode: Specify OpenCL kernel tracing modes: 'default' to trace OpenCL kernels for Intel Graphics Driver only; 'epoch' for any non-Intel graphics, where OpenCL kernels will be traced and OpenCL profiling API timestamps will be interpreted as Unux Epoch time in nanoseconds; 'completion' to trace OpenCL kernels for any Graphics Driver and bind OpenCL profiling API timestamps to the timestamp of OpenCL completion callback.
68 [47210219841344] INFO perfrun.launcher <> - the option was added --exprof-com-list: List available COM ports.
68 [47210219841344] INFO perfrun.launcher <> - the option was added --exprof-dvc-list: List available DvC IDs.
68 [47210219841344] INFO perfrun.launcher <> - the option was added --exprof-trace-channel: BADMSG: perfrun1.exprof::exprof-trace-channel
68 [47210219841344] INFO perfrun.launcher <> - the option was added --exprof-event-config: Specify ExactProfiling Event Classes.
68 [47210219841344] INFO perfrun.launcher <> - the option was added --ice-pmons-list: BADMSG: perfrun1.ice::ice-pmons-list
68 [47210219841344] INFO perfrun.launcher <> - the option was added --ice-pmons-config: BADMSG: perfrun1.ice::ice-pmons-config
68 [47210219841344] INFO perfrun.launcher <> - the option was added --parallel-fs-config: Specify parallel fs counters to collect.
68 [47210219841344] INFO perfrun.launcher <> - the option was added --pwr-config: BADMSG: perfrun1.vtsspp::pwr-config Specify power metrics configuration.
69 [47210219841344] INFO perfrun.launcher <> - the option was added --socwatch-dir: Specify a directory where Intel SoC Watch collector is installed.
72 [47210219841344] INFO perfrun.launcher <> - create msngr2::ICliToolContext
72 [47210219841344] INFO perfrun.launcher <> - create file finder object
72 [47210219841344] INFO perfrun.launcher <> - create a result directory: pattern = /home/pvelesko/datadog/r004hs pid = 4294967295
75 [47210219841344] INFO perfrun.sdk <> - checked that the directory /home/pvelesko/datadog/r004hs is a local directory
76 [47210219841344] INFO perfrun.sdk <> - the directory /home/pvelesko/datadog/r004hs is located on a share or its FS ID is unknown 26985
76 [47210219841344] INFO perfrun.sdk <> - checked that the directory /tmp/amplxe-tmp-pvelesko is a local directory
76 [47210219841344] INFO perfrun.sdk <> - the directory /tmp/amplxe-tmp-pvelesko is a local directory with FS type ID 1481003842
76 [47210219841344] INFO perfrun.launcher <> - Create a local result directory /tmp/amplxe-tmp-pvelesko/amplxe-res-32760-12182213595407186 due to the user result path /home/pvelesko/datadog/r004hs is located on a share
76 [47210219841344] INFO perfrun.launcher <> - create data directory = /tmp/amplxe-tmp-pvelesko/amplxe-res-32760-12182213595407186/data.0
77 [47210219841344] INFO perfrun.launcher <> - create data directory = /home/pvelesko/datadog/r004hs/data.0
79 [47210219841344] INFO perfrun.launcher <> - Creating the master collection flag
84 [47210219841344] INFO perfrun.launcher <> - Done creating the master collection flag
87 [47210338666240] INFO perfrun.launcher <> - plugin [remoteplug] was disabled because it doesn't support the given collection type.
89 [47210338666240] INFO perfrun.sdk <> - Allocating TMU :/tmp/amplxe-tmp-pvelesko/amplxe-res-32760-12182213595407186/data.0/systemcollector-32760-jlselogin2.sc
89 [47210338666240] INFO perfrun.system <> - Tpss based collection
90 [47210338666240] INFO perfrun.launcher <> - plugin [ptracecollector] was disabled because it doesn't support the given collection type.
90 [47210338666240] INFO perfrun.launcher <> - plugin [gpu] was disabled because it doesn't support the given collection type.
90 [47210338666240] INFO perfrun.launcher <> - plugin [] was disabled because it doesn't support the given collection type.
90 [47210338666240] INFO perfrun.launcher <> - plugin [] was disabled because it doesn't support the given collection type.
90 [47210338666240] INFO perfrun.launcher <> - plugin [] was disabled because it doesn't support the given collection type.
90 [47210338666240] INFO perfrun.launcher <> - plugin [mrte] was disabled because it doesn't support the given collection type.
90 [47210338666240] INFO perfrun.launcher <> - plugin [emon] was disabled because it doesn't support the given collection type.
90 [47210338666240] INFO perfrun.launcher <> - plugin [cuscol] was disabled because it doesn't support the given collection type.
90 [47210338666240] INFO perfrun.launcher <> - plugin [stdsrc] was disabled because it doesn't support the given collection type.
90 [47210338666240] INFO perfrun.launcher <> - plugin [sep] was disabled because it doesn't support the given collection type.
90 [47210338666240] INFO perfrun.launcher <> - plugin [vtsspp] was disabled because it doesn't support the given collection type.
90 [47210338666240] INFO perfrun.launcher <> - plugin [perf] was disabled because it doesn't support the given collection type.
90 [47210338666240] INFO perfrun.tpss <> - initialize tpss controller
90 [47210338666240] INFO perfrun.tpss <> - configure collection mode: value = cpu:counters:nostack
90 [47210338666240] INFO perfrun.tpss <> - configure collection mode: value = cpu:stack
90 [47210338666240] INFO perfrun.tpss <> - default obj-size-min=1024
90 [47210338666240] INFO perfrun.tpss <> - default hash-table-size=0
169 [47210338666240] INFO perfrun.launcher <> - plugin [exprof] was disabled because it doesn't support the given collection type.
169 [47210338666240] INFO perfrun.launcher <> - plugin [ice] was disabled because it doesn't support the given collection type.
169 [47210338666240] INFO perfrun.launcher <> - plugin [] was disabled because it doesn't support the given collection type.
169 [47210338666240] INFO perfrun.launcher <> - plugin [] was disabled because it doesn't support the given collection type.
169 [47210338666240] INFO perfrun.launcher <> - plugin [parallelfs] was disabled because it doesn't support the given collection type.
169 [47210338666240] INFO perfrun.launcher <> - plugin [power] was disabled because it doesn't support the given collection type.
169 [47210219841344] INFO perfrun.launcher <> - set environment variable: LD_LIBRARY_PATH = /soft/compilers/intel-2019/vtune_amplifier_2019.4.0.597835/lib32/runtime:/soft/compilers/intel-2019/vtune_amplifier_2019.4.0.597835/lib64/runtime:/soft/compilers/intel-2019/itac/2019.4.036/intel64/slib:/soft/compilers/intel-2019/compilers_and_libraries_2019.4.243/linux/compiler/lib/intel64_lin:/soft/compilers/intel-2019/compilers_and_libraries_2019.4.243/linux/mpi/intel64/libfabric/lib:/soft/compilers/intel-2019/compilers_and_libraries_2019.4.243/linux/mpi/intel64/lib/release:/soft/compilers/intel-2019/compilers_and_libraries_2019.4.243/linux/mpi/intel64/lib:/soft/compilers/intel-2019/compilers_and_libraries_2019.4.243/linux/ipp/lib/intel64:/soft/compilers/intel-2019/compilers_and_libraries_2019.4.243/linux/compiler/lib/intel64_lin:/soft/compilers/intel-2019/compilers_and_libraries_2019.4.243/linux/mkl/lib/intel64_lin:/soft/compilers/intel-2019/compilers_and_libraries_2019.4.243/linux/tbb/lib/intel64/gcc4.7:/soft/compilers/intel-2019/compilers_and_libraries_2019.4.243/linux/tbb/lib/intel64/gcc4.7:/soft/compilers/intel-2019/debugger_2019/libipt/intel64/lib:/soft/compilers/intel-2019/compilers_and_libraries_2019.4.243/linux/daal/lib/intel64_lin:/soft/compilers/intel-2019/compilers_and_libraries_2019.4.243/linux/daal/../tbb/lib/intel64_lin/gcc4.4
170 [47210219841344] INFO perfrun.launcher <> - set environment variable: INTEL_LIBITTNOTIFY32 = /soft/compilers/intel-2019/vtune_amplifier_2019.4.0.597835/lib32/runtime/libittnotify_collector.so
170 [47210219841344] INFO perfrun.launcher <> - set environment variable: INTEL_LIBITTNOTIFY64 = /soft/compilers/intel-2019/vtune_amplifier_2019.4.0.597835/lib64/runtime/libittnotify_collector.so
170 [47210219841344] INFO perfrun.launcher <> - set environment variable: INTEL_ITTNOTIFY_GROUPS = 
170 [47210219841344] INFO perfrun.launcher <> - set environment variable: INTEL_JIT_PROFILER32 = /soft/compilers/intel-2019/vtune_amplifier_2019.4.0.597835/lib32/runtime/libittnotify_collector.so
170 [47210219841344] INFO perfrun.launcher <> - set environment variable: INTEL_JIT_PROFILER64 = /soft/compilers/intel-2019/vtune_amplifier_2019.4.0.597835/lib64/runtime/libittnotify_collector.so
170 [47210219841344] INFO perfrun.launcher <> - set environment variable: VS_PROFILER = libittnotify_collector.so
170 [47210219841344] INFO perfrun.launcher <> - set environment variable: ENABLE_JITPROFILING = 1
170 [47210219841344] INFO perfrun.launcher <> - set environment variable: CL_CONFIG_USE_VTUNE = True
171 [47210219841344] INFO perfrun.launcher <> - set environment variable: __OCL_MIC_INTEL_LIBITTNOTIFY64 = /amplxe/results/libittnotify_collector.so
171 [47210219841344] INFO perfrun.launcher <> - set environment variable: __OCL_MIC_INTEL_JIT_PROFILER64 = /amplxe/results/libittnotify_collector.so
171 [47210219841344] INFO perfrun.launcher <> - set environment variable: KMP_FORKJOIN_FRAMES = 0
171 [47210219841344] INFO perfrun.launcher <> - set environment variable: KMP_FORKJOIN_FRAMES_MODE = 0
171 [47210219841344] INFO perfrun.launcher <> - RpcServer: run RPC server to handle requests
172 [47210219841344] INFO perfrun.launcher <> - Launcher: command line to start before modification = python ./datadog_oop.py
174 [47210219841344] INFO perfrun.launcher <> - Launcher: command line to start after modification = /soft/compilers/intel-2019/vtune_amplifier_2019.4.0.597835/bin64/pin -error_file /tmp/amplxe-tmp-pvelesko/amplxe-res-32760-12182213595407186/data.0/pinerr.tpsslog -detach_reattach -follow_execv -tool_load_option deepbind -t64 /soft/compilers/intel-2019/vtune_amplifier_2019.4.0.597835/lib64/libtpsstool.so -t /soft/compilers/intel-2019/vtune_amplifier_2019.4.0.597835/lib32/libtpsstool.so -server_name tpss_ipc.32760 -prd_dir /soft/compilers/intel-2019/vtune_amplifier_2019.4.0.597835 -- python ./datadog_oop.py
175 [47210219841344] INFO perfrun.launcher <> - ProcessCreator object was created
176 [47210219841344] INFO perfrun.launcher <> - Launcher: the process was started in suspend mode
453 [47210338666240] INFO perfrun.system <> - Helper runtool '/soft/compilers/intel-2019/vtune_amplifier_2019.4.0.597835/bin32/amplxe-runss -dump-vdso -r /tmp/amplxe-tmp-pvelesko/amplxe-res-32760-12182213595407186 --tmp-dir /tmp/amplxe-tmp-pvelesko' returned 0
601 [47210338666240] INFO perfrun.system <> - Helper runtool '/soft/compilers/intel-2019/vtune_amplifier_2019.4.0.597835/bin64/amplxe-runss -dump-vdso -r /tmp/amplxe-tmp-pvelesko/amplxe-res-32760-12182213595407186 --tmp-dir /tmp/amplxe-tmp-pvelesko' returned 0
605 [47210338666240] INFO perfrun.system <> - OpenCL gpu adapter vendor Id 4139
605 [47210338666240] WARN perfrun.system <> - Could not do anything with /sys/kernel/debug/kvm: boost::filesystem::status: Permission denied: "/sys/kernel/debug/kvm", at file: vcs/perfrun1/plugins/system/src/trace_writer.cpp:749
605 [47210338666240] WARN perfrun.system <> - Folder "/var/run/libvirt/qemu/"doesn't exist, at file: vcs/perfrun1/plugins/system/src/trace_writer.cpp:762
606 [47210338666240] WARN perfrun.sdk <> - Failed to find xl binary on any of the system paths: /bin, /sbin, /usr/bin, /usr/sbin., at file: vcs/perfrun1/sdk/src/utils.cpp:529
606 [47210338666240] WARN perfrun.system <> - Could not start ContainerMapping collector, at file: vcs/perfrun1/plugins/system/src/controller.cpp:467
610 [47210338666240] INFO perfrun.itt <> - start itt controller for pid #32765
610 [47210338666240] INFO perfrun.tpss <> - start tpss controller for pid #32765
661 [47210219841344] INFO perfrun.launcher <> - Launcher: all plugins were started
661 [47210219841344] INFO perfrun.launcher <> - DirectoryMonitor object was created
661 [47210219841344] INFO perfrun.launcher <> - DirectoryMonitor: a callback was added
661 [47210219841344] INFO perfrun.launcher <> - DirectoryMonitor was started with pingTime = 1000
661 [47210219841344] INFO perfrun.launcher <> - DeadlineTimer is going to be constructed
661 [47210219841344] INFO perfrun.launcher <> - DeadlineTimer: a callback was added
689 [47210219841344] INFO perfrun.launcher <> - Launcher: resume the profiled application and  wait its termination or stop command
58997 [47210459064064] WARN perfrun.launcher <> - Messenger::say: Cannot stop posix timer: __NR_timer_settime() system call returned -1.
59009 [47210219841344] INFO perfrun.launcher <> - Launcher: the profiled application was terminated  with exit code = 1
59010 [47210219841344] INFO perfrun.launcher <> - Messenger::say: Profiling of the target process finished but the following child processes are still being profiled:
PPID PID STATE NAME
1 354 RESUME python3.6

To stop the collection, you may press CTRL-C. The processes listed above will be terminated.

