13 [47487009544000] INFO perfrun.launcher <> - Launcher main begin
16 [47487009544000] INFO perfrun.launcher <> - MessageCatalogInit finished
16 [47487009544000] INFO perfrun.launcher <> - Launcher instance created
16 [47487009544000] INFO perfrun.launcher <> - argc = 7; cmdline = /soft/compilers/intel-2019/vtune_amplifier_2019.4.0.597835/bin64/amplxe-runss --ui-output-format xml --ui-output-fd 6 --option-file /home/pvelesko/datadog/r003hs/config/runss.options 
45 [47487009544000] INFO perfrun.launcher <> - plugin remoteplug has been added successfully
45 [47487009544000] INFO perfrun.launcher <> - plugin system has been added successfully
45 [47487009544000] INFO perfrun.launcher <> - plugin itt has been added successfully
45 [47487009544000] INFO perfrun.launcher <> - plugin ptracecollector has been added successfully
45 [47487009544000] INFO perfrun.launcher <> - plugin gpu has been added successfully
45 [47487009544000] INFO perfrun.launcher <> - plugin  has been added successfully
45 [47487009544000] INFO perfrun.launcher <> - plugin  has been added successfully
45 [47487009544000] INFO perfrun.launcher <> - plugin  has been added successfully
45 [47487009544000] INFO perfrun.launcher <> - plugin mrte has been added successfully
45 [47487009544000] INFO perfrun.launcher <> - plugin emon has been added successfully
45 [47487009544000] INFO perfrun.launcher <> - plugin cuscol has been added successfully
45 [47487009544000] INFO perfrun.launcher <> - plugin stdsrc has been added successfully
46 [47487009544000] INFO perfrun.launcher <> - plugin sep has been added successfully
46 [47487009544000] INFO perfrun.launcher <> - plugin vtsspp has been added successfully
46 [47487009544000] INFO perfrun.sdk <> - Reading value (2) from file: /proc/sys/kernel/perf_event_paranoid
50 [47487009544000] INFO perfrun.perfcollector <> - cpu: family = 6 model = 45
50 [47487009544000] INFO perfrun.perfcollector <> - dir found : /sys/bus/event_source/devices/cpu
50 [47487009544000] INFO perfrun.perfcollector <> - format: pc config:19 mask:19
50 [47487009544000] INFO perfrun.perfcollector <> - format: any config:21 mask:21
50 [47487009544000] INFO perfrun.perfcollector <> - format: inv config:23 mask:23
50 [47487009544000] INFO perfrun.perfcollector <> - format: edge config:18 mask:18
50 [47487009544000] INFO perfrun.perfcollector <> - format: cmask config:24-31 mask:24-31
50 [47487009544000] INFO perfrun.perfcollector <> - format: event config:0-7 mask:0-7
50 [47487009544000] INFO perfrun.perfcollector <> - format: ldlat config1:0-15 mask:0-15
50 [47487009544000] INFO perfrun.perfcollector <> - format: umask config:8-15 mask:8-15
50 [47487009544000] INFO perfrun.perfcollector <> - format: offcore_rsp config1:0-63 mask:0-63
50 [47487009544000] INFO perfrun.perfcollector <> - hwInfo : PERF_CPU_PMU_DETAILS
50 [47487009544000] INFO perfrun.perfcollector <> - pmu added : family : cpu , id : 0
50 [47487009544000] INFO perfrun.perfcollector <> - dir found : /sys/bus/event_source/devices/msr
50 [47487009544000] INFO perfrun.perfcollector <> - format: event config:0-63 mask:0-63
50 [47487009544000] WARN perfrun.perfcollector <> - pmu hwInfo is not set, at file: vcs/perfrun1/plugins/perfcollector/src/controller.cpp:689
50 [47487009544000] INFO perfrun.perfcollector <> - pmu added : family : msr , id : 0
50 [47487009544000] INFO perfrun.perfcollector <> - dir found : /sys/bus/event_source/devices/software
50 [47487009544000] WARN perfrun.perfcollector <> - format subdir doesn't exist, at file: vcs/perfrun1/plugins/perfcollector/src/controller.cpp:605
50 [47487009544000] WARN perfrun.perfcollector <> - pmu hwInfo is not set, at file: vcs/perfrun1/plugins/perfcollector/src/controller.cpp:689
51 [47487009544000] INFO perfrun.perfcollector <> - pmu added : family : software , id : 0
51 [47487009544000] INFO perfrun.perfcollector <> - dir found : /sys/bus/event_source/devices/power
51 [47487009544000] INFO perfrun.perfcollector <> - format: event config:0-7 mask:0-7
51 [47487009544000] WARN perfrun.perfcollector <> - pmu hwInfo is not set, at file: vcs/perfrun1/plugins/perfcollector/src/controller.cpp:689
51 [47487009544000] INFO perfrun.perfcollector <> - pmu added : family : power , id : 0
51 [47487009544000] INFO perfrun.perfcollector <> - dir found : /sys/bus/event_source/devices/uncore_pcu
51 [47487009544000] INFO perfrun.perfcollector <> - format: inv config:23 mask:23
51 [47487009544000] INFO perfrun.perfcollector <> - format: occ_invert config:30 mask:30
51 [47487009544000] INFO perfrun.perfcollector <> - format: edge config:18 mask:18
51 [47487009544000] INFO perfrun.perfcollector <> - format: event config:0-7 mask:0-7
51 [47487009544000] INFO perfrun.perfcollector <> - format: occ_sel config:14-15 mask:14-15
51 [47487009544000] INFO perfrun.perfcollector <> - format: thresh config:24-28 mask:24-28
51 [47487009544000] INFO perfrun.perfcollector <> - format: filter_band0 config1:0-7 mask:0-7
51 [47487009544000] INFO perfrun.perfcollector <> - format: filter_band1 config1:8-15 mask:8-15
51 [47487009544000] INFO perfrun.perfcollector <> - format: filter_band2 config1:16-23 mask:16-23
51 [47487009544000] INFO perfrun.perfcollector <> - format: filter_band3 config1:24-31 mask:24-31
51 [47487009544000] INFO perfrun.perfcollector <> - format: occ_edge config:14-51 mask:14-51
51 [47487009544000] WARN perfrun.perfcollector <> - pmu hwInfo is not set, at file: vcs/perfrun1/plugins/perfcollector/src/controller.cpp:689
51 [47487009544000] INFO perfrun.perfcollector <> - pmu added : family : uncore_pcu , id : 0
52 [47487009544000] INFO perfrun.perfcollector <> - dir found : /sys/bus/event_source/devices/tracepoint
52 [47487009544000] WARN perfrun.perfcollector <> - format subdir doesn't exist, at file: vcs/perfrun1/plugins/perfcollector/src/controller.cpp:605
52 [47487009544000] WARN perfrun.perfcollector <> - pmu hwInfo is not set, at file: vcs/perfrun1/plugins/perfcollector/src/controller.cpp:689
52 [47487009544000] INFO perfrun.perfcollector <> - pmu added : family : tracepoint , id : 0
52 [47487009544000] INFO perfrun.perfcollector <> - dir found : /sys/bus/event_source/devices/uncore_imc_0
52 [47487009544000] INFO perfrun.perfcollector <> - format: inv config:23 mask:23
52 [47487009544000] INFO perfrun.perfcollector <> - format: edge config:18 mask:18
52 [47487009544000] INFO perfrun.perfcollector <> - format: event config:0-7 mask:0-7
52 [47487009544000] INFO perfrun.perfcollector <> - format: umask config:8-15 mask:8-15
52 [47487009544000] INFO perfrun.perfcollector <> - format: thresh config:24-31 mask:24-31
52 [47487009544000] INFO perfrun.perfcollector <> - hwInfo : PERF_IMC_PMU_DETAILS
52 [47487009544000] INFO perfrun.perfcollector <> - pmu added : family : uncore_imc , id : 0
52 [47487009544000] INFO perfrun.perfcollector <> - dir found : /sys/bus/event_source/devices/uncore_imc_1
52 [47487009544000] INFO perfrun.perfcollector <> - format: inv config:23 mask:23
52 [47487009544000] INFO perfrun.perfcollector <> - format: edge config:18 mask:18
52 [47487009544000] INFO perfrun.perfcollector <> - format: event config:0-7 mask:0-7
52 [47487009544000] INFO perfrun.perfcollector <> - format: umask config:8-15 mask:8-15
52 [47487009544000] INFO perfrun.perfcollector <> - format: thresh config:24-31 mask:24-31
52 [47487009544000] INFO perfrun.perfcollector <> - hwInfo : PERF_IMC_PMU_DETAILS
52 [47487009544000] INFO perfrun.perfcollector <> - pmu added : family : uncore_imc , id : 1
52 [47487009544000] INFO perfrun.perfcollector <> - dir found : /sys/bus/event_source/devices/uncore_imc_2
52 [47487009544000] INFO perfrun.perfcollector <> - format: inv config:23 mask:23
52 [47487009544000] INFO perfrun.perfcollector <> - format: edge config:18 mask:18
52 [47487009544000] INFO perfrun.perfcollector <> - format: event config:0-7 mask:0-7
53 [47487009544000] INFO perfrun.perfcollector <> - format: umask config:8-15 mask:8-15
53 [47487009544000] INFO perfrun.perfcollector <> - format: thresh config:24-31 mask:24-31
53 [47487009544000] INFO perfrun.perfcollector <> - hwInfo : PERF_IMC_PMU_DETAILS
53 [47487009544000] INFO perfrun.perfcollector <> - pmu added : family : uncore_imc , id : 2
53 [47487009544000] INFO perfrun.perfcollector <> - dir found : /sys/bus/event_source/devices/uncore_imc_3
53 [47487009544000] INFO perfrun.perfcollector <> - format: inv config:23 mask:23
53 [47487009544000] INFO perfrun.perfcollector <> - format: edge config:18 mask:18
53 [47487009544000] INFO perfrun.perfcollector <> - format: event config:0-7 mask:0-7
53 [47487009544000] INFO perfrun.perfcollector <> - format: umask config:8-15 mask:8-15
53 [47487009544000] INFO perfrun.perfcollector <> - format: thresh config:24-31 mask:24-31
53 [47487009544000] INFO perfrun.perfcollector <> - hwInfo : PERF_IMC_PMU_DETAILS
53 [47487009544000] INFO perfrun.perfcollector <> - pmu added : family : uncore_imc , id : 3
53 [47487009544000] INFO perfrun.perfcollector <> - dir found : /sys/bus/event_source/devices/uncore_qpi_0
53 [47487009544000] INFO perfrun.perfcollector <> - format: inv config:23 mask:23
53 [47487009544000] INFO perfrun.perfcollector <> - format: edge config:18 mask:18
53 [47487009544000] INFO perfrun.perfcollector <> - format: match_rnid4 config1:31 mask:31
53 [47487009544000] INFO perfrun.perfcollector <> - format: event config:0-7,21 mask:0-7,21
53 [47487009544000] INFO perfrun.perfcollector <> - format: mask0 config2:0-31 mask:0-31
53 [47487009544000] INFO perfrun.perfcollector <> - format: mask1 config2:32-63 mask:32-63
53 [47487009544000] INFO perfrun.perfcollector <> - format: umask config:8-15 mask:8-15
53 [47487009544000] INFO perfrun.perfcollector <> - format: mask_rnid30 config2:32-35 mask:32-35
53 [47487009544000] INFO perfrun.perfcollector <> - format: match_rnid30 config1:32-35 mask:32-35
53 [47487009544000] INFO perfrun.perfcollector <> - format: match_dnid config1:13-17 mask:13-17
54 [47487009544000] INFO perfrun.perfcollector <> - format: mask_mc config2:9-12 mask:9-12
54 [47487009544000] INFO perfrun.perfcollector <> - format: mask_dnid config2:13-17 mask:13-17
54 [47487009544000] INFO perfrun.perfcollector <> - format: match_opc config1:5-8 mask:5-8
54 [47487009544000] INFO perfrun.perfcollector <> - format: match_rds config1:48-51 mask:48-51
54 [47487009544000] INFO perfrun.perfcollector <> - format: match_vnw config1:3-4 mask:3-4
54 [47487009544000] INFO perfrun.perfcollector <> - format: mask_opc config2:5-8 mask:5-8
54 [47487009544000] INFO perfrun.perfcollector <> - format: mask_rds config2:48-51 mask:48-51
54 [47487009544000] INFO perfrun.perfcollector <> - format: mask_vnw config2:3-4 mask:3-4
54 [47487009544000] INFO perfrun.perfcollector <> - format: match_mc config1:9-12 mask:9-12
54 [47487009544000] INFO perfrun.perfcollector <> - format: match0 config1:0-31 mask:0-31
54 [47487009544000] INFO perfrun.perfcollector <> - format: match1 config1:32-63 mask:32-63
54 [47487009544000] INFO perfrun.perfcollector <> - format: mask_rnid4 config2:31 mask:31
54 [47487009544000] INFO perfrun.perfcollector <> - format: thresh config:24-31 mask:24-31
54 [47487009544000] INFO perfrun.perfcollector <> - hwInfo : PERF_QPI_PMU_DETAILS
54 [47487009544000] INFO perfrun.perfcollector <> - pmu added : family : uncore_qpi , id : 0
54 [47487009544000] INFO perfrun.perfcollector <> - dir found : /sys/bus/event_source/devices/uncore_qpi_1
54 [47487009544000] INFO perfrun.perfcollector <> - format: inv config:23 mask:23
54 [47487009544000] INFO perfrun.perfcollector <> - format: edge config:18 mask:18
54 [47487009544000] INFO perfrun.perfcollector <> - format: match_rnid4 config1:31 mask:31
54 [47487009544000] INFO perfrun.perfcollector <> - format: event config:0-7,21 mask:0-7,21
54 [47487009544000] INFO perfrun.perfcollector <> - format: mask0 config2:0-31 mask:0-31
54 [47487009544000] INFO perfrun.perfcollector <> - format: mask1 config2:32-63 mask:32-63
54 [47487009544000] INFO perfrun.perfcollector <> - format: umask config:8-15 mask:8-15
55 [47487009544000] INFO perfrun.perfcollector <> - format: mask_rnid30 config2:32-35 mask:32-35
55 [47487009544000] INFO perfrun.perfcollector <> - format: match_rnid30 config1:32-35 mask:32-35
55 [47487009544000] INFO perfrun.perfcollector <> - format: match_dnid config1:13-17 mask:13-17
55 [47487009544000] INFO perfrun.perfcollector <> - format: mask_mc config2:9-12 mask:9-12
55 [47487009544000] INFO perfrun.perfcollector <> - format: mask_dnid config2:13-17 mask:13-17
55 [47487009544000] INFO perfrun.perfcollector <> - format: match_opc config1:5-8 mask:5-8
55 [47487009544000] INFO perfrun.perfcollector <> - format: match_rds config1:48-51 mask:48-51
55 [47487009544000] INFO perfrun.perfcollector <> - format: match_vnw config1:3-4 mask:3-4
55 [47487009544000] INFO perfrun.perfcollector <> - format: mask_opc config2:5-8 mask:5-8
55 [47487009544000] INFO perfrun.perfcollector <> - format: mask_rds config2:48-51 mask:48-51
55 [47487009544000] INFO perfrun.perfcollector <> - format: mask_vnw config2:3-4 mask:3-4
55 [47487009544000] INFO perfrun.perfcollector <> - format: match_mc config1:9-12 mask:9-12
55 [47487009544000] INFO perfrun.perfcollector <> - format: match0 config1:0-31 mask:0-31
55 [47487009544000] INFO perfrun.perfcollector <> - format: match1 config1:32-63 mask:32-63
55 [47487009544000] INFO perfrun.perfcollector <> - format: mask_rnid4 config2:31 mask:31
55 [47487009544000] INFO perfrun.perfcollector <> - format: thresh config:24-31 mask:24-31
55 [47487009544000] INFO perfrun.perfcollector <> - hwInfo : PERF_QPI_PMU_DETAILS
55 [47487009544000] INFO perfrun.perfcollector <> - pmu added : family : uncore_qpi , id : 1
55 [47487009544000] INFO perfrun.perfcollector <> - dir found : /sys/bus/event_source/devices/uncore_cbox_0
55 [47487009544000] INFO perfrun.perfcollector <> - format: inv config:23 mask:23
55 [47487009544000] INFO perfrun.perfcollector <> - format: edge config:18 mask:18
55 [47487009544000] INFO perfrun.perfcollector <> - format: event config:0-7 mask:0-7
56 [47487009544000] INFO perfrun.perfcollector <> - format: umask config:8-15 mask:8-15
56 [47487009544000] INFO perfrun.perfcollector <> - format: filter_nid config1:10-17 mask:10-17
56 [47487009544000] INFO perfrun.perfcollector <> - format: filter_opc config1:23-31 mask:23-31
56 [47487009544000] INFO perfrun.perfcollector <> - format: filter_tid config1:0-4 mask:0-4
56 [47487009544000] INFO perfrun.perfcollector <> - format: tid_en config:19 mask:19
56 [47487009544000] INFO perfrun.perfcollector <> - format: thresh config:24-31 mask:24-31
56 [47487009544000] INFO perfrun.perfcollector <> - format: filter_state config1:18-22 mask:18-22
56 [47487009544000] WARN perfrun.perfcollector <> - pmu hwInfo is not set, at file: vcs/perfrun1/plugins/perfcollector/src/controller.cpp:689
56 [47487009544000] INFO perfrun.perfcollector <> - pmu added : family : uncore_cbox , id : 0
56 [47487009544000] INFO perfrun.perfcollector <> - dir found : /sys/bus/event_source/devices/uncore_cbox_1
56 [47487009544000] INFO perfrun.perfcollector <> - format: inv config:23 mask:23
56 [47487009544000] INFO perfrun.perfcollector <> - format: edge config:18 mask:18
56 [47487009544000] INFO perfrun.perfcollector <> - format: event config:0-7 mask:0-7
56 [47487009544000] INFO perfrun.perfcollector <> - format: umask config:8-15 mask:8-15
56 [47487009544000] INFO perfrun.perfcollector <> - format: filter_nid config1:10-17 mask:10-17
56 [47487009544000] INFO perfrun.perfcollector <> - format: filter_opc config1:23-31 mask:23-31
56 [47487009544000] INFO perfrun.perfcollector <> - format: filter_tid config1:0-4 mask:0-4
56 [47487009544000] INFO perfrun.perfcollector <> - format: tid_en config:19 mask:19
56 [47487009544000] INFO perfrun.perfcollector <> - format: thresh config:24-31 mask:24-31
56 [47487009544000] INFO perfrun.perfcollector <> - format: filter_state config1:18-22 mask:18-22
56 [47487009544000] WARN perfrun.perfcollector <> - pmu hwInfo is not set, at file: vcs/perfrun1/plugins/perfcollector/src/controller.cpp:689
56 [47487009544000] INFO perfrun.perfcollector <> - pmu added : family : uncore_cbox , id : 1
56 [47487009544000] INFO perfrun.perfcollector <> - dir found : /sys/bus/event_source/devices/uncore_cbox_2
57 [47487009544000] INFO perfrun.perfcollector <> - format: inv config:23 mask:23
57 [47487009544000] INFO perfrun.perfcollector <> - format: edge config:18 mask:18
57 [47487009544000] INFO perfrun.perfcollector <> - format: event config:0-7 mask:0-7
57 [47487009544000] INFO perfrun.perfcollector <> - format: umask config:8-15 mask:8-15
57 [47487009544000] INFO perfrun.perfcollector <> - format: filter_nid config1:10-17 mask:10-17
57 [47487009544000] INFO perfrun.perfcollector <> - format: filter_opc config1:23-31 mask:23-31
57 [47487009544000] INFO perfrun.perfcollector <> - format: filter_tid config1:0-4 mask:0-4
57 [47487009544000] INFO perfrun.perfcollector <> - format: tid_en config:19 mask:19
57 [47487009544000] INFO perfrun.perfcollector <> - format: thresh config:24-31 mask:24-31
57 [47487009544000] INFO perfrun.perfcollector <> - format: filter_state config1:18-22 mask:18-22
57 [47487009544000] WARN perfrun.perfcollector <> - pmu hwInfo is not set, at file: vcs/perfrun1/plugins/perfcollector/src/controller.cpp:689
57 [47487009544000] INFO perfrun.perfcollector <> - pmu added : family : uncore_cbox , id : 2
57 [47487009544000] INFO perfrun.perfcollector <> - dir found : /sys/bus/event_source/devices/uncore_cbox_3
57 [47487009544000] INFO perfrun.perfcollector <> - format: inv config:23 mask:23
57 [47487009544000] INFO perfrun.perfcollector <> - format: edge config:18 mask:18
57 [47487009544000] INFO perfrun.perfcollector <> - format: event config:0-7 mask:0-7
57 [47487009544000] INFO perfrun.perfcollector <> - format: umask config:8-15 mask:8-15
57 [47487009544000] INFO perfrun.perfcollector <> - format: filter_nid config1:10-17 mask:10-17
57 [47487009544000] INFO perfrun.perfcollector <> - format: filter_opc config1:23-31 mask:23-31
57 [47487009544000] INFO perfrun.perfcollector <> - format: filter_tid config1:0-4 mask:0-4
57 [47487009544000] INFO perfrun.perfcollector <> - format: tid_en config:19 mask:19
57 [47487009544000] INFO perfrun.perfcollector <> - format: thresh config:24-31 mask:24-31
58 [47487009544000] INFO perfrun.perfcollector <> - format: filter_state config1:18-22 mask:18-22
58 [47487009544000] WARN perfrun.perfcollector <> - pmu hwInfo is not set, at file: vcs/perfrun1/plugins/perfcollector/src/controller.cpp:689
58 [47487009544000] INFO perfrun.perfcollector <> - pmu added : family : uncore_cbox , id : 3
58 [47487009544000] INFO perfrun.perfcollector <> - dir found : /sys/bus/event_source/devices/uncore_cbox_4
58 [47487009544000] INFO perfrun.perfcollector <> - format: inv config:23 mask:23
58 [47487009544000] INFO perfrun.perfcollector <> - format: edge config:18 mask:18
58 [47487009544000] INFO perfrun.perfcollector <> - format: event config:0-7 mask:0-7
58 [47487009544000] INFO perfrun.perfcollector <> - format: umask config:8-15 mask:8-15
58 [47487009544000] INFO perfrun.perfcollector <> - format: filter_nid config1:10-17 mask:10-17
58 [47487009544000] INFO perfrun.perfcollector <> - format: filter_opc config1:23-31 mask:23-31
58 [47487009544000] INFO perfrun.perfcollector <> - format: filter_tid config1:0-4 mask:0-4
58 [47487009544000] INFO perfrun.perfcollector <> - format: tid_en config:19 mask:19
58 [47487009544000] INFO perfrun.perfcollector <> - format: thresh config:24-31 mask:24-31
58 [47487009544000] INFO perfrun.perfcollector <> - format: filter_state config1:18-22 mask:18-22
58 [47487009544000] WARN perfrun.perfcollector <> - pmu hwInfo is not set, at file: vcs/perfrun1/plugins/perfcollector/src/controller.cpp:689
58 [47487009544000] INFO perfrun.perfcollector <> - pmu added : family : uncore_cbox , id : 4
58 [47487009544000] INFO perfrun.perfcollector <> - dir found : /sys/bus/event_source/devices/uncore_cbox_5
58 [47487009544000] INFO perfrun.perfcollector <> - format: inv config:23 mask:23
58 [47487009544000] INFO perfrun.perfcollector <> - format: edge config:18 mask:18
58 [47487009544000] INFO perfrun.perfcollector <> - format: event config:0-7 mask:0-7
58 [47487009544000] INFO perfrun.perfcollector <> - format: umask config:8-15 mask:8-15
58 [47487009544000] INFO perfrun.perfcollector <> - format: filter_nid config1:10-17 mask:10-17
59 [47487009544000] INFO perfrun.perfcollector <> - format: filter_opc config1:23-31 mask:23-31
59 [47487009544000] INFO perfrun.perfcollector <> - format: filter_tid config1:0-4 mask:0-4
59 [47487009544000] INFO perfrun.perfcollector <> - format: tid_en config:19 mask:19
59 [47487009544000] INFO perfrun.perfcollector <> - format: thresh config:24-31 mask:24-31
59 [47487009544000] INFO perfrun.perfcollector <> - format: filter_state config1:18-22 mask:18-22
59 [47487009544000] WARN perfrun.perfcollector <> - pmu hwInfo is not set, at file: vcs/perfrun1/plugins/perfcollector/src/controller.cpp:689
59 [47487009544000] INFO perfrun.perfcollector <> - pmu added : family : uncore_cbox , id : 5
59 [47487009544000] INFO perfrun.perfcollector <> - dir found : /sys/bus/event_source/devices/uncore_cbox_6
59 [47487009544000] INFO perfrun.perfcollector <> - format: inv config:23 mask:23
59 [47487009544000] INFO perfrun.perfcollector <> - format: edge config:18 mask:18
59 [47487009544000] INFO perfrun.perfcollector <> - format: event config:0-7 mask:0-7
59 [47487009544000] INFO perfrun.perfcollector <> - format: umask config:8-15 mask:8-15
59 [47487009544000] INFO perfrun.perfcollector <> - format: filter_nid config1:10-17 mask:10-17
59 [47487009544000] INFO perfrun.perfcollector <> - format: filter_opc config1:23-31 mask:23-31
59 [47487009544000] INFO perfrun.perfcollector <> - format: filter_tid config1:0-4 mask:0-4
59 [47487009544000] INFO perfrun.perfcollector <> - format: tid_en config:19 mask:19
59 [47487009544000] INFO perfrun.perfcollector <> - format: thresh config:24-31 mask:24-31
59 [47487009544000] INFO perfrun.perfcollector <> - format: filter_state config1:18-22 mask:18-22
59 [47487009544000] WARN perfrun.perfcollector <> - pmu hwInfo is not set, at file: vcs/perfrun1/plugins/perfcollector/src/controller.cpp:689
59 [47487009544000] INFO perfrun.perfcollector <> - pmu added : family : uncore_cbox , id : 6
59 [47487009544000] INFO perfrun.perfcollector <> - dir found : /sys/bus/event_source/devices/uncore_cbox_7
59 [47487009544000] INFO perfrun.perfcollector <> - format: inv config:23 mask:23
60 [47487009544000] INFO perfrun.perfcollector <> - format: edge config:18 mask:18
60 [47487009544000] INFO perfrun.perfcollector <> - format: event config:0-7 mask:0-7
60 [47487009544000] INFO perfrun.perfcollector <> - format: umask config:8-15 mask:8-15
60 [47487009544000] INFO perfrun.perfcollector <> - format: filter_nid config1:10-17 mask:10-17
60 [47487009544000] INFO perfrun.perfcollector <> - format: filter_opc config1:23-31 mask:23-31
60 [47487009544000] INFO perfrun.perfcollector <> - format: filter_tid config1:0-4 mask:0-4
60 [47487009544000] INFO perfrun.perfcollector <> - format: tid_en config:19 mask:19
60 [47487009544000] INFO perfrun.perfcollector <> - format: thresh config:24-31 mask:24-31
60 [47487009544000] INFO perfrun.perfcollector <> - format: filter_state config1:18-22 mask:18-22
60 [47487009544000] WARN perfrun.perfcollector <> - pmu hwInfo is not set, at file: vcs/perfrun1/plugins/perfcollector/src/controller.cpp:689
60 [47487009544000] INFO perfrun.perfcollector <> - pmu added : family : uncore_cbox , id : 7
60 [47487009544000] INFO perfrun.perfcollector <> - dir found : /sys/bus/event_source/devices/uncore_ha
60 [47487009544000] INFO perfrun.perfcollector <> - format: inv config:23 mask:23
60 [47487009544000] INFO perfrun.perfcollector <> - format: edge config:18 mask:18
60 [47487009544000] INFO perfrun.perfcollector <> - format: event config:0-7 mask:0-7
60 [47487009544000] INFO perfrun.perfcollector <> - format: umask config:8-15 mask:8-15
60 [47487009544000] INFO perfrun.perfcollector <> - format: thresh config:24-31 mask:24-31
60 [47487009544000] WARN perfrun.perfcollector <> - pmu hwInfo is not set, at file: vcs/perfrun1/plugins/perfcollector/src/controller.cpp:689
60 [47487009544000] INFO perfrun.perfcollector <> - pmu added : family : uncore_ha , id : 0
60 [47487009544000] INFO perfrun.perfcollector <> - dir found : /sys/bus/event_source/devices/kprobe
60 [47487009544000] INFO perfrun.perfcollector <> - format: retprobe config:0 mask:0
60 [47487009544000] WARN perfrun.perfcollector <> - pmu hwInfo is not set, at file: vcs/perfrun1/plugins/perfcollector/src/controller.cpp:689
60 [47487009544000] INFO perfrun.perfcollector <> - pmu added : family : kprobe , id : 0
60 [47487009544000] INFO perfrun.perfcollector <> - dir found : /sys/bus/event_source/devices/uncore_r2pcie
61 [47487009544000] INFO perfrun.perfcollector <> - format: inv config:23 mask:23
61 [47487009544000] INFO perfrun.perfcollector <> - format: edge config:18 mask:18
61 [47487009544000] INFO perfrun.perfcollector <> - format: event config:0-7 mask:0-7
61 [47487009544000] INFO perfrun.perfcollector <> - format: umask config:8-15 mask:8-15
61 [47487009544000] INFO perfrun.perfcollector <> - format: thresh config:24-31 mask:24-31
61 [47487009544000] WARN perfrun.perfcollector <> - pmu hwInfo is not set, at file: vcs/perfrun1/plugins/perfcollector/src/controller.cpp:689
61 [47487009544000] INFO perfrun.perfcollector <> - pmu added : family : uncore_r2pcie , id : 0
61 [47487009544000] INFO perfrun.perfcollector <> - dir found : /sys/bus/event_source/devices/uncore_r3qpi_0
61 [47487009544000] INFO perfrun.perfcollector <> - format: inv config:23 mask:23
61 [47487009544000] INFO perfrun.perfcollector <> - format: edge config:18 mask:18
61 [47487009544000] INFO perfrun.perfcollector <> - format: event config:0-7 mask:0-7
61 [47487009544000] INFO perfrun.perfcollector <> - format: umask config:8-15 mask:8-15
61 [47487009544000] INFO perfrun.perfcollector <> - format: thresh config:24-31 mask:24-31
61 [47487009544000] WARN perfrun.perfcollector <> - pmu hwInfo is not set, at file: vcs/perfrun1/plugins/perfcollector/src/controller.cpp:689
61 [47487009544000] INFO perfrun.perfcollector <> - pmu added : family : uncore_r3qpi , id : 0
61 [47487009544000] INFO perfrun.perfcollector <> - dir found : /sys/bus/event_source/devices/uncore_r3qpi_1
61 [47487009544000] INFO perfrun.perfcollector <> - format: inv config:23 mask:23
61 [47487009544000] INFO perfrun.perfcollector <> - format: edge config:18 mask:18
61 [47487009544000] INFO perfrun.perfcollector <> - format: event config:0-7 mask:0-7
61 [47487009544000] INFO perfrun.perfcollector <> - format: umask config:8-15 mask:8-15
61 [47487009544000] INFO perfrun.perfcollector <> - format: thresh config:24-31 mask:24-31
61 [47487009544000] WARN perfrun.perfcollector <> - pmu hwInfo is not set, at file: vcs/perfrun1/plugins/perfcollector/src/controller.cpp:689
62 [47487009544000] INFO perfrun.perfcollector <> - pmu added : family : uncore_r3qpi , id : 1
62 [47487009544000] INFO perfrun.perfcollector <> - dir found : /sys/bus/event_source/devices/uprobe
62 [47487009544000] INFO perfrun.perfcollector <> - format: retprobe config:0 mask:0
62 [47487009544000] WARN perfrun.perfcollector <> - pmu hwInfo is not set, at file: vcs/perfrun1/plugins/perfcollector/src/controller.cpp:689
62 [47487009544000] INFO perfrun.perfcollector <> - pmu added : family : uprobe , id : 0
62 [47487009544000] INFO perfrun.perfcollector <> - dir found : /sys/bus/event_source/devices/intel_bts
62 [47487009544000] WARN perfrun.perfcollector <> - format subdir doesn't exist, at file: vcs/perfrun1/plugins/perfcollector/src/controller.cpp:605
62 [47487009544000] WARN perfrun.perfcollector <> - pmu hwInfo is not set, at file: vcs/perfrun1/plugins/perfcollector/src/controller.cpp:689
62 [47487009544000] INFO perfrun.perfcollector <> - pmu added : family : intel_bts , id : 0
62 [47487009544000] INFO perfrun.perfcollector <> - dir found : /sys/bus/event_source/devices/breakpoint
62 [47487009544000] WARN perfrun.perfcollector <> - format subdir doesn't exist, at file: vcs/perfrun1/plugins/perfcollector/src/controller.cpp:605
62 [47487009544000] WARN perfrun.perfcollector <> - pmu hwInfo is not set, at file: vcs/perfrun1/plugins/perfcollector/src/controller.cpp:689
62 [47487009544000] INFO perfrun.perfcollector <> - pmu added : family : breakpoint , id : 0
62 [47487009544000] INFO perfrun.perfcollector <> - dir found : /sys/bus/event_source/devices/uncore_ubox
62 [47487009544000] INFO perfrun.perfcollector <> - format: inv config:23 mask:23
62 [47487009544000] INFO perfrun.perfcollector <> - format: edge config:18 mask:18
62 [47487009544000] INFO perfrun.perfcollector <> - format: event config:0-7 mask:0-7
62 [47487009544000] INFO perfrun.perfcollector <> - format: umask config:8-15 mask:8-15
62 [47487009544000] INFO perfrun.perfcollector <> - format: thresh config:24-28 mask:24-28
62 [47487009544000] WARN perfrun.perfcollector <> - pmu hwInfo is not set, at file: vcs/perfrun1/plugins/perfcollector/src/controller.cpp:689
62 [47487009544000] INFO perfrun.perfcollector <> - pmu added : family : uncore_ubox , id : 0
62 [47487009544000] INFO perfrun.launcher <> - plugin perf has been added successfully
63 [47487009544000] INFO perfrun.launcher <> - plugin tpss has been added successfully
63 [47487009544000] INFO perfrun.launcher <> - plugin exprof has been added successfully
63 [47487009544000] INFO perfrun.launcher <> - plugin media has been added successfully
63 [47487009544000] INFO perfrun.launcher <> - plugin ice has been added successfully
63 [47487009544000] INFO perfrun.launcher <> - plugin  has been added successfully
63 [47487009544000] INFO perfrun.launcher <> - plugin  has been added successfully
63 [47487009544000] INFO perfrun.launcher <> - plugin parallelfs has been added successfully
63 [47487009544000] INFO perfrun.launcher <> - plugin power has been added successfully
63 [47487009544000] INFO perfrun.launcher <> - the option was added --interval: Specify an interval of data collection (for example, sampling) in milliseconds.
63 [47487009544000] INFO perfrun.launcher <> - the option was added --follow-child: Profile process with or without children.
63 [47487009544000] INFO perfrun.launcher <> - the option was added --gelding: BADMSG: perfrun1.launcher.plugin_manager::gelding
63 [47487009544000] INFO perfrun.launcher <> - the option was added --time-source: Specify time source for measurement. Possible values: sys - wall clock time; tsc - time stamp counter; ext - time from an external source; auto - auto select accurate time source.
63 [47487009544000] INFO perfrun.launcher <> - the option was added --stack: Enable or disable collection of stacks.
63 [47487009544000] INFO perfrun.launcher <> - the option was added --stack-stitching: Enable or disable the stack stitching algorithm for Intel TBB-based applications.
64 [47487009544000] INFO perfrun.launcher <> - the option was added --type: Specify type of data to be collected. For example, --type cpu:counters,waiting:nostack,io.
64 [47487009544000] INFO perfrun.launcher <> - the option was added --mrte-mode: Specify Java/.NET/other managed runtime collection mode. Possible values: native - collect information only for native code; managed - collect information only for managed code; mixed - collect information for both managed and native code; auto - choose the mode based on binary type.
64 [47487009544000] INFO perfrun.launcher <> - the option was added --mrte-mode-list: List supported Java/.NET/other managed runtime collection modes.
64 [47487009544000] INFO perfrun.launcher <> - the option was added --mrte-type: Specify which managed runtimes to collect. Possible values: java - collect information for Java; dotnet - collect information for .NET; python - collect information for CPython. You can specify several values separated by comma.
64 [47487009544000] INFO perfrun.launcher <> - the option was added --mrte-type-list: List supported Java/.NET/other managed runtime types.
64 [47487009544000] INFO perfrun.launcher <> - the option was added --trace-strategy: Specify how to profile a process tree. <string> can be "<process>:trace:notrace" - profile the process but do not profile its children. Shorthand parameters: t - trace, nt - notrace. For example, "vtunedemo.exe:t:t".
64 [47487009544000] INFO perfrun.launcher <> - the option was added --collector: BADMSG: perfrun1.launcher.plugin_manager::collector
64 [47487009544000] INFO perfrun.launcher <> - the option was added --system-wide: Enable system-wide profiling. This mode may require additional permissions.
64 [47487009544000] INFO perfrun.launcher <> - the option was added --kvm-guest: Enable KVM guest OS profiling.
64 [47487009544000] INFO perfrun.launcher <> - the option was added --kvm-guest-kallsyms: Specify a local path to the /proc/kallsyms file copied from the guest OS for proper symbol resolution.
64 [47487009544000] INFO perfrun.launcher <> - the option was added --kvm-guest-modules: Specify a local path to the /proc/modules file copied from the guest OS for proper symbol resolution.
64 [47487009544000] INFO perfrun.launcher <> - the option was added --dump-vdso: Dump [vdso] to result directory
64 [47487009544000] INFO perfrun.launcher <> - the option was added --bandwidth-limits: Measure bandwidth limits
64 [47487009544000] INFO perfrun.launcher <> - the option was added --acrn-map-info: Collect map info for ACRN
64 [47487009544000] INFO perfrun.launcher <> - the option was added --bandwidth-strategy: Bandwidth limits determination specific properties (example: --bandwidth-strategy array-size=0,duration=500).
64 [47487009544000] INFO perfrun.launcher <> - the option was added --bandwidth-config: List of benchmarks to run.
64 [47487009544000] INFO perfrun.launcher <> - the option was added --system-collector-config: Specify subcollectors. Possible values: all, vdso, container, device-info, none.
64 [47487009544000] INFO perfrun.launcher <> - the option was added --itt-config: Specify a sub-set of ITT API to collect.
64 [47487009544000] INFO perfrun.launcher <> - the option was added --itt-debug: Set pseudo-breakpoint at ITT API collector's start to enable the debugger to attach early.
64 [47487009544000] INFO perfrun.launcher <> - the option was added --ptrace: Ptrace collector.
64 [47487009544000] INFO perfrun.launcher <> - the option was added --target-pid: BADMSG: perfrun1.ptracecollector::target-pid
64 [47487009544000] INFO perfrun.launcher <> - the option was added --ptrace-server-pid: BADMSG: perfrun1.ptracecollector::ptrace-server-pid
64 [47487009544000] INFO perfrun.launcher <> - the option was added --ptrace-trace: BADMSG: perfrun1.ptracecollector::ptrace-trace
64 [47487009544000] INFO perfrun.launcher <> - the option was added --ptrace-time-source: BADMSG: perfrun1.ptracecollector::ptrace-time-source
64 [47487009544000] INFO perfrun.launcher <> - the option was added --ptrace-start-type: BADMSG: perfrun1.ptracecollector::ptrace-start-type
64 [47487009544000] INFO perfrun.launcher <> - the option was added --gpu-config: Specify types of GPU data to be collected. Possible values: preset1, preset2.
65 [47487009544000] INFO perfrun.launcher <> - the option was added --gpu-debug: Enable self-testing of the GPGPU profiling collector.
65 [47487009544000] INFO perfrun.launcher <> - the option was added --custom-collector: Allows to provide arbitrary command line to be run on collection steps.
65 [47487009544000] INFO perfrun.launcher <> - the option was added --stdsrc-config: Specify Standard Sources category tag(s).
65 [47487009544000] INFO perfrun.launcher <> - the option was added --ftrace-config-list: List Linux Ftrace category tag(s).
65 [47487009544000] INFO perfrun.launcher <> - the option was added --ftrace-config: Specify Linux Ftrace category tag(s).
65 [47487009544000] INFO perfrun.launcher <> - the option was added --ftrace-function-groups: Enable tracing of specific groups of functions.
65 [47487009544000] INFO perfrun.launcher <> - the option was added --event-info: BADMSG: perfrun1.stdsrc::event-info
65 [47487009544000] INFO perfrun.launcher <> - the option was added --cpu-list: List supported CPUs.
65 [47487009544000] INFO perfrun.launcher <> - the option was added --target-list: List available targets for performing sampling collection.
65 [47487009544000] INFO perfrun.launcher <> - the option was added --event-value-list: Display event information.
65 [47487009544000] INFO perfrun.launcher <> - the option was added --platform-value-list: Display details of supported platforms.
65 [47487009544000] INFO perfrun.launcher <> - the option was added --uncore-event-list: List uncore events for which a sampling data collection can be performed on this platform.
65 [47487009544000] INFO perfrun.launcher <> - the option was added --modifier-list: Specify the event name <string> for which the modifiers list is requested.
65 [47487009544000] INFO perfrun.launcher <> - the option was added --pmu-list: List supported PMUs.
65 [47487009544000] INFO perfrun.launcher <> - the option was added --os-mode-only: Enable sampling data collection for OS-mode processes only.
65 [47487009544000] INFO perfrun.launcher <> - the option was added --user-mode-only: Enable sampling data collection for user-mode processes only.
65 [47487009544000] INFO perfrun.launcher <> - the option was added --event-config: Perform data collection for the events with <string> configured using the format <event name1>":modifier1=val:modifier2=val/constraint1={:modifier3=val:modifier4=val}...,"<event name2>":... Specify the events(s) to monitor and embed the event names within double quotes("). [:modifier=val] specifies individual event modifiers along with the respective values for a given platform. Note that the modifiers can be generic to an event as well as specific to a constraint (or an event qualifier). The constraint specific special modifiers appear after [/constraint=]. The modifiers can be in decimal or hexadecimal format. Only specific modifiers accept the value as a string. Each event specification is delimited by a comma (,). For a list of supported modifiers and constraints, refer to the documentation.
65 [47487009544000] INFO perfrun.launcher <> - the option was added --chipset-event-config: Perform data collection for the chipset events with <string> configured using the format "<event name1>"...,"<event name2>":... Specify the events(s) to monitor and embed the event names within double quotes(").
65 [47487009544000] INFO perfrun.launcher <> - the option was added --uncore-event-config: Perform uncore data collection in ebc count mode for the events with <string> configured using the format "<event name1>"...,"<event name2>":... Specify the events(s) to monitor and embed the event names within double quotes(").
65 [47487009544000] INFO perfrun.launcher <> - the option was added --count-emon: Enable counting mode and output the data in EMON format.
65 [47487009544000] INFO perfrun.launcher <> - the option was added --event-based-counts: Enable event-based counting mode. During sampling data collection, event counts data is collected for the list of events specified in -event-config option.
65 [47487009544000] INFO perfrun.launcher <> - the option was added --event-mux-tfactor: Specify the event multiplexing tfactor as <integer> to set the length of the interval between interrupts. The larger the tfactor value, the larger the period between interrupts. Currently this option is only available on Intel platforms codenamed Knights Corner.
65 [47487009544000] INFO perfrun.launcher <> - the option was added --full-pebs-capture: Capture full pebs information.
65 [47487009544000] INFO perfrun.launcher <> - the option was added --last-branch-records: Capture Last Branch Records information.
65 [47487009544000] INFO perfrun.launcher <> - the option was added --pmu-type: Specify the targeted PMU name as <string>.
65 [47487009544000] INFO perfrun.launcher <> - the option was added --platform-type: Specify the targeted platform number as <number>.
65 [47487009544000] INFO perfrun.launcher <> - the option was added --p-state-trigger: Specify the name of the trigger event for P-state data as <string>. The default trigger is CPU_CLK_UNHALTED.REF_TSC.
66 [47487009544000] INFO perfrun.launcher <> - the option was added --bts-count: Specify the <integer> number of BTS records collected after each sample or context switch (VTSS++ only).
66 [47487009544000] INFO perfrun.launcher <> - the option was added --cpu-mask: Specify which CPU(s) <string> to collect data on. For example, specify "2-8,10,12-14" to sample only CPUs 2 through 8, 10, and 12 through 14.
66 [47487009544000] INFO perfrun.launcher <> - the option was added --event-mux-alg: Specify the event multiplexing algorithm. Possible values: sequence, timer, trigger.
66 [47487009544000] INFO perfrun.launcher <> - the option was added --event-mux-timeslice: Specify the event multiplexing time slice value as <integer>. The time slice specifies the duration between cycles for each event multiplexing group. The default value is 50 milliseconds. This option is valid only for timer-based event multiplexing. Specify the event multiplexing time slice value as <integer>. The time slice specifies the duration between cycles for each event multiplexing group. The default value is 1 millisecond. This option is valid only for timer-based event multiplexing.
66 [47487009544000] INFO perfrun.launcher <> - the option was added --event-mux-factor: Specify the event multiplexing factor as <integer>. It controls the switching of event multiplexing groups. The default factor is 50. This option is valid only for trigger-based event multiplexing. Specify the event multiplexing factor as <integer>. It controls the switching of event multiplexing groups. The default factor is 1. This option is valid only for trigger-based event multiplexing.
66 [47487009544000] INFO perfrun.launcher <> - the option was added --event-mux-trigger: Specify the name of the trigger event for event multiplexing as <string>. This option is valid only for trigger-based event multiplexing. The default trigger is CPU_CLK_UNHALTED.CORE (or CPU_CLK_UNHALTED.THREAD). BADMSG: perfrun1.vtsspp::event-mux-trigger
66 [47487009544000] INFO perfrun.launcher <> - the option was added --pt-mode: BADMSG: perfrun1.vtsspp::pt-mode
66 [47487009544000] INFO perfrun.launcher <> - the option was added --sample-after-multiplier: Specify the sample after multiplier as <double>. This multiplier modifies the sample after value for all the events specified in -event-config option. The values can range from 0.1 to 100.0. SAV multiplier value
66 [47487009544000] INFO perfrun.launcher <> - the option was added --uncore-sampling-interval: Specify the uncore sampling interval as <integer>. This value set the uncore sampling interval for all the uncore events specified in -event-config option.
66 [47487009544000] INFO perfrun.launcher <> - the option was added --count: Enable counting mode. Enable counting mode
66 [47487009544000] INFO perfrun.launcher <> - the option was added --trace-mpi: Configure collector to trace MPI code.
66 [47487009544000] INFO perfrun.launcher <> - the option was added --raw-perf-config: Specify a verified configuration for the Perf collector in the format: <describer>,<content>. For example: map-events-file,<path_to_map_events_file>.
66 [47487009544000] INFO perfrun.launcher <> - the option was added --sys-config: BADMSG: perfrun1.vtsspp::sys-config Specify types of system data to be collected. Supported value: cswitch - collect context switch information.
66 [47487009544000] INFO perfrun.launcher <> - the option was added --perf-event-config: Specify events for Perf collector in Perf format. For example: perf-event-config=cpu-clock.
66 [47487009544000] INFO perfrun.launcher <> - the option was added --perf-aio: Number of control blocks in asynchronous trace writing mode.
66 [47487009544000] INFO perfrun.launcher <> - the option was added --perf-compression: Specify compression of Perf collector output data. Possible levels: 0 - without compression, 1..3 - best speed, 4..22 - best compression that incurs big overhead.
66 [47487009544000] INFO perfrun.launcher <> - the option was added --perf-min-mmap-read: Minimum data size read from the kernel mapped region.
66 [47487009544000] INFO perfrun.launcher <> - the option was added --perf-affinity: Adjust an affinity mask of the Perf thread to a node with an allocated memory trace buffer.
66 [47487009544000] INFO perfrun.launcher <> - the option was added --stackwalk: Specify stack unwinding method. Possible values: online - unwind stacks during collection; offline - unwind stacks after collection is finished. Specify stack unwinding method. Possible value: lbr - unwind stacks during collection. Specify stack unwinding method. Possible values: online - unwind stacks during collection; offline - unwind stacks after collection is finished; lbr - enable LBR-based call stack collection. Specify stack unwinding method. Possible values: online - unwind stacks during collection; offline - unwind stacks after collection is finished. Specify stack unwinding method. Possible values: online - unwind stacks during collection; offline - unwind stacks after collection is finished.
66 [47487009544000] INFO perfrun.launcher <> - the option was added --filter-include: Filter data during collection. Possible values: contended=<on|off> - filter out uncontended events; contended_nostack=<time> - filter out stacks for contended events that take less than <time> microseconds; wait=<time> - ignore transitions and blocks with wait time less than <time> microseconds; wait_nostack=<time> - filter out stacks for waits that take less than <time> microseconds.
66 [47487009544000] INFO perfrun.launcher <> - the option was added --debug-pin: Debug PIN tool and runtime.
66 [47487009544000] INFO perfrun.launcher <> - the option was added --debug-exception: Disallow the application to set own abnormal termination handler.
66 [47487009544000] INFO perfrun.launcher <> - the option was added --trace-type: Specify the trace file granularity. Possible values: per-thread - per-thread trace file generation; per-process - per-process trace file generation.
66 [47487009544000] INFO perfrun.launcher <> - the option was added --instrumentation-type: Specify type of instrumentation.
66 [47487009544000] INFO perfrun.launcher <> - the option was added --altstack: Enable or disable usage of altstacks for profiling signal handlers.
66 [47487009544000] INFO perfrun.launcher <> - the option was added --profiling-signal: BADMSG: perfrun1.ptracecollector::profiling-signal Alternate profiling signal.
67 [47487009544000] INFO perfrun.launcher <> - the option was added --memory-strategy: Specify a minimal memory object size to be traced and a hash table size for faster objects search; for example: --memory-strategy obj-size-min=1024,hash-table-size=4096.
67 [47487009544000] INFO perfrun.launcher <> - the option was added --gpu-profiling-config: Specify a type of deep GPU profiling applied for all kernels and a comma-separated list of GPU kernel names and invocations in the following format: profiling_type[@kernel_name[:start_idx:step:stop_idx]], where profiling_type is one of following: none, bblatency, memlatency; kernel_name is the name of GPU kernel; start_idx is the number of the first invocation; and stop_idx is the number of the last invocation to be profiled.
67 [47487009544000] INFO perfrun.launcher <> - the option was added --opencl-trace-mode: Specify OpenCL kernel tracing modes: 'default' to trace OpenCL kernels for Intel Graphics Driver only; 'epoch' for any non-Intel graphics, where OpenCL kernels will be traced and OpenCL profiling API timestamps will be interpreted as Unux Epoch time in nanoseconds; 'completion' to trace OpenCL kernels for any Graphics Driver and bind OpenCL profiling API timestamps to the timestamp of OpenCL completion callback.
67 [47487009544000] INFO perfrun.launcher <> - the option was added --exprof-com-list: List available COM ports.
67 [47487009544000] INFO perfrun.launcher <> - the option was added --exprof-dvc-list: List available DvC IDs.
67 [47487009544000] INFO perfrun.launcher <> - the option was added --exprof-trace-channel: BADMSG: perfrun1.exprof::exprof-trace-channel
67 [47487009544000] INFO perfrun.launcher <> - the option was added --exprof-event-config: Specify ExactProfiling Event Classes.
67 [47487009544000] INFO perfrun.launcher <> - the option was added --ice-pmons-list: BADMSG: perfrun1.ice::ice-pmons-list
67 [47487009544000] INFO perfrun.launcher <> - the option was added --ice-pmons-config: BADMSG: perfrun1.ice::ice-pmons-config
67 [47487009544000] INFO perfrun.launcher <> - the option was added --parallel-fs-config: Specify parallel fs counters to collect.
67 [47487009544000] INFO perfrun.launcher <> - the option was added --pwr-config: BADMSG: perfrun1.vtsspp::pwr-config Specify power metrics configuration.
67 [47487009544000] INFO perfrun.launcher <> - the option was added --socwatch-dir: Specify a directory where Intel SoC Watch collector is installed.
70 [47487009544000] INFO perfrun.launcher <> - create msngr2::ICliToolContext
71 [47487009544000] INFO perfrun.launcher <> - create file finder object
71 [47487009544000] INFO perfrun.launcher <> - create a result directory: pattern = /home/pvelesko/datadog/r003hs pid = 4294967295
74 [47487009544000] INFO perfrun.sdk <> - checked that the directory /home/pvelesko/datadog/r003hs is a local directory
74 [47487009544000] INFO perfrun.sdk <> - the directory /home/pvelesko/datadog/r003hs is located on a share or its FS ID is unknown 26985
74 [47487009544000] INFO perfrun.sdk <> - checked that the directory /tmp/amplxe-tmp-pvelesko is a local directory
74 [47487009544000] INFO perfrun.sdk <> - the directory /tmp/amplxe-tmp-pvelesko is a local directory with FS type ID 1481003842
75 [47487009544000] INFO perfrun.launcher <> - Create a local result directory /tmp/amplxe-tmp-pvelesko/amplxe-res-14100-12181620912848158 due to the user result path /home/pvelesko/datadog/r003hs is located on a share
75 [47487009544000] INFO perfrun.launcher <> - create data directory = /tmp/amplxe-tmp-pvelesko/amplxe-res-14100-12181620912848158/data.0
76 [47487009544000] INFO perfrun.launcher <> - create data directory = /home/pvelesko/datadog/r003hs/data.0
77 [47487009544000] INFO perfrun.launcher <> - Creating the master collection flag
80 [47487009544000] INFO perfrun.launcher <> - Done creating the master collection flag
84 [47487128368896] INFO perfrun.launcher <> - plugin [remoteplug] was disabled because it doesn't support the given collection type.
86 [47487128368896] INFO perfrun.sdk <> - Allocating TMU :/tmp/amplxe-tmp-pvelesko/amplxe-res-14100-12181620912848158/data.0/systemcollector-14100-jlselogin1.sc
86 [47487128368896] INFO perfrun.system <> - Tpss based collection
86 [47487128368896] INFO perfrun.launcher <> - plugin [ptracecollector] was disabled because it doesn't support the given collection type.
86 [47487128368896] INFO perfrun.launcher <> - plugin [gpu] was disabled because it doesn't support the given collection type.
86 [47487128368896] INFO perfrun.launcher <> - plugin [] was disabled because it doesn't support the given collection type.
86 [47487128368896] INFO perfrun.launcher <> - plugin [] was disabled because it doesn't support the given collection type.
86 [47487128368896] INFO perfrun.launcher <> - plugin [] was disabled because it doesn't support the given collection type.
86 [47487128368896] INFO perfrun.launcher <> - plugin [mrte] was disabled because it doesn't support the given collection type.
86 [47487128368896] INFO perfrun.launcher <> - plugin [emon] was disabled because it doesn't support the given collection type.
86 [47487128368896] INFO perfrun.launcher <> - plugin [cuscol] was disabled because it doesn't support the given collection type.
86 [47487128368896] INFO perfrun.launcher <> - plugin [stdsrc] was disabled because it doesn't support the given collection type.
86 [47487128368896] INFO perfrun.launcher <> - plugin [sep] was disabled because it doesn't support the given collection type.
86 [47487128368896] INFO perfrun.launcher <> - plugin [vtsspp] was disabled because it doesn't support the given collection type.
87 [47487128368896] INFO perfrun.launcher <> - plugin [perf] was disabled because it doesn't support the given collection type.
87 [47487128368896] INFO perfrun.tpss <> - initialize tpss controller
87 [47487128368896] INFO perfrun.tpss <> - configure collection mode: value = cpu:counters:nostack
87 [47487128368896] INFO perfrun.tpss <> - configure collection mode: value = cpu:stack
87 [47487128368896] INFO perfrun.tpss <> - default obj-size-min=1024
87 [47487128368896] INFO perfrun.tpss <> - default hash-table-size=0
164 [47487128368896] INFO perfrun.launcher <> - plugin [exprof] was disabled because it doesn't support the given collection type.
165 [47487128368896] INFO perfrun.launcher <> - plugin [ice] was disabled because it doesn't support the given collection type.
165 [47487128368896] INFO perfrun.launcher <> - plugin [] was disabled because it doesn't support the given collection type.
165 [47487128368896] INFO perfrun.launcher <> - plugin [] was disabled because it doesn't support the given collection type.
165 [47487128368896] INFO perfrun.launcher <> - plugin [parallelfs] was disabled because it doesn't support the given collection type.
165 [47487128368896] INFO perfrun.launcher <> - plugin [power] was disabled because it doesn't support the given collection type.
165 [47487009544000] INFO perfrun.launcher <> - set environment variable: LD_LIBRARY_PATH = /soft/compilers/intel-2019/vtune_amplifier_2019.4.0.597835/lib32/runtime:/soft/compilers/intel-2019/vtune_amplifier_2019.4.0.597835/lib64/runtime:/soft/compilers/intel-2019/itac/2019.4.036/intel64/slib:/soft/compilers/intel-2019/compilers_and_libraries_2019.4.243/linux/compiler/lib/intel64_lin:/soft/compilers/intel-2019/compilers_and_libraries_2019.4.243/linux/mpi/intel64/libfabric/lib:/soft/compilers/intel-2019/compilers_and_libraries_2019.4.243/linux/mpi/intel64/lib/release:/soft/compilers/intel-2019/compilers_and_libraries_2019.4.243/linux/mpi/intel64/lib:/soft/compilers/intel-2019/compilers_and_libraries_2019.4.243/linux/ipp/lib/intel64:/soft/compilers/intel-2019/compilers_and_libraries_2019.4.243/linux/compiler/lib/intel64_lin:/soft/compilers/intel-2019/compilers_and_libraries_2019.4.243/linux/mkl/lib/intel64_lin:/soft/compilers/intel-2019/compilers_and_libraries_2019.4.243/linux/tbb/lib/intel64/gcc4.7:/soft/compilers/intel-2019/compilers_and_libraries_2019.4.243/linux/tbb/lib/intel64/gcc4.7:/soft/compilers/intel-2019/debugger_2019/libipt/intel64/lib:/soft/compilers/intel-2019/compilers_and_libraries_2019.4.243/linux/daal/lib/intel64_lin:/soft/compilers/intel-2019/compilers_and_libraries_2019.4.243/linux/daal/../tbb/lib/intel64_lin/gcc4.4
165 [47487009544000] INFO perfrun.launcher <> - set environment variable: INTEL_LIBITTNOTIFY32 = /soft/compilers/intel-2019/vtune_amplifier_2019.4.0.597835/lib32/runtime/libittnotify_collector.so
165 [47487009544000] INFO perfrun.launcher <> - set environment variable: INTEL_LIBITTNOTIFY64 = /soft/compilers/intel-2019/vtune_amplifier_2019.4.0.597835/lib64/runtime/libittnotify_collector.so
165 [47487009544000] INFO perfrun.launcher <> - set environment variable: INTEL_ITTNOTIFY_GROUPS = 
165 [47487009544000] INFO perfrun.launcher <> - set environment variable: INTEL_JIT_PROFILER32 = /soft/compilers/intel-2019/vtune_amplifier_2019.4.0.597835/lib32/runtime/libittnotify_collector.so
165 [47487009544000] INFO perfrun.launcher <> - set environment variable: INTEL_JIT_PROFILER64 = /soft/compilers/intel-2019/vtune_amplifier_2019.4.0.597835/lib64/runtime/libittnotify_collector.so
165 [47487009544000] INFO perfrun.launcher <> - set environment variable: VS_PROFILER = libittnotify_collector.so
165 [47487009544000] INFO perfrun.launcher <> - set environment variable: ENABLE_JITPROFILING = 1
165 [47487009544000] INFO perfrun.launcher <> - set environment variable: CL_CONFIG_USE_VTUNE = True
165 [47487009544000] INFO perfrun.launcher <> - set environment variable: __OCL_MIC_INTEL_LIBITTNOTIFY64 = /amplxe/results/libittnotify_collector.so
165 [47487009544000] INFO perfrun.launcher <> - set environment variable: __OCL_MIC_INTEL_JIT_PROFILER64 = /amplxe/results/libittnotify_collector.so
165 [47487009544000] INFO perfrun.launcher <> - set environment variable: KMP_FORKJOIN_FRAMES = 0
165 [47487009544000] INFO perfrun.launcher <> - set environment variable: KMP_FORKJOIN_FRAMES_MODE = 0
165 [47487009544000] INFO perfrun.launcher <> - RpcServer: run RPC server to handle requests
167 [47487009544000] INFO perfrun.launcher <> - Launcher: command line to start before modification = python ./datadog_oop.py
168 [47487009544000] INFO perfrun.launcher <> - Launcher: command line to start after modification = /soft/compilers/intel-2019/vtune_amplifier_2019.4.0.597835/bin64/pin -error_file /tmp/amplxe-tmp-pvelesko/amplxe-res-14100-12181620912848158/data.0/pinerr.tpsslog -detach_reattach -follow_execv -tool_load_option deepbind -t64 /soft/compilers/intel-2019/vtune_amplifier_2019.4.0.597835/lib64/libtpsstool.so -t /soft/compilers/intel-2019/vtune_amplifier_2019.4.0.597835/lib32/libtpsstool.so -server_name tpss_ipc.14100 -prd_dir /soft/compilers/intel-2019/vtune_amplifier_2019.4.0.597835 -- python ./datadog_oop.py
168 [47487009544000] INFO perfrun.launcher <> - ProcessCreator object was created
169 [47487009544000] INFO perfrun.launcher <> - Launcher: the process was started in suspend mode
289 [47487128368896] INFO perfrun.system <> - Helper runtool '/soft/compilers/intel-2019/vtune_amplifier_2019.4.0.597835/bin32/amplxe-runss -dump-vdso -r /tmp/amplxe-tmp-pvelesko/amplxe-res-14100-12181620912848158 --tmp-dir /tmp/amplxe-tmp-pvelesko' returned 0
399 [47487128368896] INFO perfrun.system <> - Helper runtool '/soft/compilers/intel-2019/vtune_amplifier_2019.4.0.597835/bin64/amplxe-runss -dump-vdso -r /tmp/amplxe-tmp-pvelesko/amplxe-res-14100-12181620912848158 --tmp-dir /tmp/amplxe-tmp-pvelesko' returned 0
403 [47487128368896] INFO perfrun.system <> - OpenCL gpu adapter vendor Id 4139
403 [47487128368896] WARN perfrun.system <> - Could not do anything with /sys/kernel/debug/kvm: boost::filesystem::status: Permission denied: "/sys/kernel/debug/kvm", at file: vcs/perfrun1/plugins/system/src/trace_writer.cpp:749
403 [47487128368896] WARN perfrun.system <> - Folder "/var/run/libvirt/qemu/"doesn't exist, at file: vcs/perfrun1/plugins/system/src/trace_writer.cpp:762
403 [47487128368896] WARN perfrun.sdk <> - Failed to find xl binary on any of the system paths: /bin, /sbin, /usr/bin, /usr/sbin., at file: vcs/perfrun1/sdk/src/utils.cpp:529
403 [47487128368896] WARN perfrun.system <> - Could not start ContainerMapping collector, at file: vcs/perfrun1/plugins/system/src/controller.cpp:467
407 [47487128368896] INFO perfrun.itt <> - start itt controller for pid #14105
407 [47487128368896] INFO perfrun.tpss <> - start tpss controller for pid #14105
457 [47487009544000] INFO perfrun.launcher <> - Launcher: all plugins were started
458 [47487009544000] INFO perfrun.launcher <> - DirectoryMonitor object was created
458 [47487009544000] INFO perfrun.launcher <> - DirectoryMonitor: a callback was added
458 [47487009544000] INFO perfrun.launcher <> - DirectoryMonitor was started with pingTime = 1000
458 [47487009544000] INFO perfrun.launcher <> - DeadlineTimer is going to be constructed
458 [47487009544000] INFO perfrun.launcher <> - DeadlineTimer: a callback was added
508 [47487009544000] INFO perfrun.launcher <> - Launcher: resume the profiled application and  wait its termination or stop command
233442 [47487314310912] WARN perfrun.launcher <> - Messenger::say: Cannot stop posix timer: __NR_timer_settime() system call returned -1.
233450 [47487009544000] INFO perfrun.launcher <> - Launcher: the profiled application was terminated  with exit code = 1
233450 [47487009544000] INFO perfrun.launcher <> - Messenger::say: Profiling of the target process finished but the following child processes are still being profiled:
PPID PID STATE NAME
1 14160 RESUME python3.6

To stop the collection, you may press CTRL-C. The processes listed above will be terminated.

243297 [47487126267648] INFO perfrun.launcher <> - SignalHandler: signal #15 was caught
243309 [47487128368896] INFO perfrun.itt <> - stop itt controller
243309 [47487128368896] INFO perfrun.itt <> - detach itt controller
243309 [47487128368896] INFO perfrun.tpss <> - stop tpss controller
159123762 [47487312209664] WARN perfrun.launcher <> - Can not iterate directory /home/pvelesko/datadog/r003hs/data.0, system error: No such file or directory, at file: vcs/perfrun1/launcher/src/directory_monitor.cpp:114
159124763 [47487312209664] WARN perfrun.launcher <> - Can not iterate directory /home/pvelesko/datadog/r003hs/data.0, system error: No such file or directory, at file: vcs/perfrun1/launcher/src/directory_monitor.cpp:114
159125763 [47487312209664] WARN perfrun.launcher <> - Can not iterate directory /home/pvelesko/datadog/r003hs/data.0, system error: No such file or directory, at file: vcs/perfrun1/launcher/src/directory_monitor.cpp:114
159126763 [47487312209664] WARN perfrun.launcher <> - Can not iterate directory /home/pvelesko/datadog/r003hs/data.0, system error: No such file or directory, at file: vcs/perfrun1/launcher/src/directory_monitor.cpp:114
159127764 [47487312209664] WARN perfrun.launcher <> - Can not iterate directory /home/pvelesko/datadog/r003hs/data.0, system error: No such file or directory, at file: vcs/perfrun1/launcher/src/directory_monitor.cpp:114
159128764 [47487312209664] WARN perfrun.launcher <> - Can not iterate directory /home/pvelesko/datadog/r003hs/data.0, system error: No such file or directory, at file: vcs/perfrun1/launcher/src/directory_monitor.cpp:114
159129765 [47487312209664] WARN perfrun.launcher <> - Can not iterate directory /home/pvelesko/datadog/r003hs/data.0, system error: No such file or directory, at file: vcs/perfrun1/launcher/src/directory_monitor.cpp:114
159130765 [47487312209664] WARN perfrun.launcher <> - Can not iterate directory /home/pvelesko/datadog/r003hs/data.0, system error: No such file or directory, at file: vcs/perfrun1/launcher/src/directory_monitor.cpp:114
159131765 [47487312209664] WARN perfrun.launcher <> - Can not iterate directory /home/pvelesko/datadog/r003hs/data.0, system error: No such file or directory, at file: vcs/perfrun1/launcher/src/directory_monitor.cpp:114
159132766 [47487312209664] WARN perfrun.launcher <> - Can not iterate directory /home/pvelesko/datadog/r003hs/data.0, system error: No such file or directory, at file: vcs/perfrun1/launcher/src/directory_monitor.cpp:114
159133766 [47487312209664] WARN perfrun.launcher <> - Can not iterate directory /home/pvelesko/datadog/r003hs/data.0, system error: No such file or directory, at file: vcs/perfrun1/launcher/src/directory_monitor.cpp:114
159134766 [47487312209664] WARN perfrun.launcher <> - Can not iterate directory /home/pvelesko/datadog/r003hs/data.0, system error: No such file or directory, at file: vcs/perfrun1/launcher/src/directory_monitor.cpp:114
159135767 [47487312209664] WARN perfrun.launcher <> - Can not iterate directory /home/pvelesko/datadog/r003hs/data.0, system error: No such file or directory, at file: vcs/perfrun1/launcher/src/directory_monitor.cpp:114
159136767 [47487312209664] WARN perfrun.launcher <> - Can not iterate directory /home/pvelesko/datadog/r003hs/data.0, system error: No such file or directory, at file: vcs/perfrun1/launcher/src/directory_monitor.cpp:114
159137768 [47487312209664] WARN perfrun.launcher <> - Can not iterate directory /home/pvelesko/datadog/r003hs/data.0, system error: No such file or directory, at file: vcs/perfrun1/launcher/src/directory_monitor.cpp:114
159138768 [47487312209664] WARN perfrun.launcher <> - Can not iterate directory /home/pvelesko/datadog/r003hs/data.0, system error: No such file or directory, at file: vcs/perfrun1/launcher/src/directory_monitor.cpp:114
159139768 [47487312209664] WARN perfrun.launcher <> - Can not iterate directory /home/pvelesko/datadog/r003hs/data.0, system error: No such file or directory, at file: vcs/perfrun1/launcher/src/directory_monitor.cpp:114
159140769 [47487312209664] WARN perfrun.launcher <> - Can not iterate directory /home/pvelesko/datadog/r003hs/data.0, system error: No such file or directory, at file: vcs/perfrun1/launcher/src/directory_monitor.cpp:114
159141769 [47487312209664] WARN perfrun.launcher <> - Can not iterate directory /home/pvelesko/datadog/r003hs/data.0, system error: No such file or directory, at file: vcs/perfrun1/launcher/src/directory_monitor.cpp:114
159142769 [47487312209664] WARN perfrun.launcher <> - Can not iterate directory /home/pvelesko/datadog/r003hs/data.0, system error: No such file or directory, at file: vcs/perfrun1/launcher/src/directory_monitor.cpp:114
159143770 [47487312209664] WARN perfrun.launcher <> - Can not iterate directory /home/pvelesko/datadog/r003hs/data.0, system error: No such file or directory, at file: vcs/perfrun1/launcher/src/directory_monitor.cpp:114
159144770 [47487312209664] WARN perfrun.launcher <> - Can not iterate directory /home/pvelesko/datadog/r003hs/data.0, system error: No such file or directory, at file: vcs/perfrun1/launcher/src/directory_monitor.cpp:114
159145771 [47487312209664] WARN perfrun.launcher <> - Can not iterate directory /home/pvelesko/datadog/r003hs/data.0, system error: No such file or directory, at file: vcs/perfrun1/launcher/src/directory_monitor.cpp:114
159146771 [47487312209664] WARN perfrun.launcher <> - Can not iterate directory /home/pvelesko/datadog/r003hs/data.0, system error: No such file or directory, at file: vcs/perfrun1/launcher/src/directory_monitor.cpp:114
159147771 [47487312209664] WARN perfrun.launcher <> - Can not iterate directory /home/pvelesko/datadog/r003hs/data.0, system error: No such file or directory, at file: vcs/perfrun1/launcher/src/directory_monitor.cpp:114
159148772 [47487312209664] WARN perfrun.launcher <> - Can not iterate directory /home/pvelesko/datadog/r003hs/data.0, system error: No such file or directory, at file: vcs/perfrun1/launcher/src/directory_monitor.cpp:114
159149772 [47487312209664] WARN perfrun.launcher <> - Can not iterate directory /home/pvelesko/datadog/r003hs/data.0, system error: No such file or directory, at file: vcs/perfrun1/launcher/src/directory_monitor.cpp:114
159150773 [47487312209664] WARN perfrun.launcher <> - Can not iterate directory /home/pvelesko/datadog/r003hs/data.0, system error: No such file or directory, at file: vcs/perfrun1/launcher/src/directory_monitor.cpp:114
159151773 [47487312209664] WARN perfrun.launcher <> - Can not iterate directory /home/pvelesko/datadog/r003hs/data.0, system error: No such file or directory, at file: vcs/perfrun1/launcher/src/directory_monitor.cpp:114
159152773 [47487312209664] WARN perfrun.launcher <> - Can not iterate directory /home/pvelesko/datadog/r003hs/data.0, system error: No such file or directory, at file: vcs/perfrun1/launcher/src/directory_monitor.cpp:114
159153774 [47487312209664] WARN perfrun.launcher <> - Can not iterate directory /home/pvelesko/datadog/r003hs/data.0, system error: No such file or directory, at file: vcs/perfrun1/launcher/src/directory_monitor.cpp:114
159154774 [47487312209664] WARN perfrun.launcher <> - Can not iterate directory /home/pvelesko/datadog/r003hs/data.0, system error: No such file or directory, at file: vcs/perfrun1/launcher/src/directory_monitor.cpp:114
159155774 [47487312209664] WARN perfrun.launcher <> - Can not iterate directory /home/pvelesko/datadog/r003hs/data.0, system error: No such file or directory, at file: vcs/perfrun1/launcher/src/directory_monitor.cpp:114
159156775 [47487312209664] WARN perfrun.launcher <> - Can not iterate directory /home/pvelesko/datadog/r003hs/data.0, system error: No such file or directory, at file: vcs/perfrun1/launcher/src/directory_monitor.cpp:114
159157775 [47487312209664] WARN perfrun.launcher <> - Can not iterate directory /home/pvelesko/datadog/r003hs/data.0, system error: No such file or directory, at file: vcs/perfrun1/launcher/src/directory_monitor.cpp:114
159158775 [47487312209664] WARN perfrun.launcher <> - Can not iterate directory /home/pvelesko/datadog/r003hs/data.0, system error: No such file or directory, at file: vcs/perfrun1/launcher/src/directory_monitor.cpp:114
159159776 [47487312209664] WARN perfrun.launcher <> - Can not iterate directory /home/pvelesko/datadog/r003hs/data.0, system error: No such file or directory, at file: vcs/perfrun1/launcher/src/directory_monitor.cpp:114
159160776 [47487312209664] WARN perfrun.launcher <> - Can not iterate directory /home/pvelesko/datadog/r003hs/data.0, system error: No such file or directory, at file: vcs/perfrun1/launcher/src/directory_monitor.cpp:114
159161777 [47487312209664] WARN perfrun.launcher <> - Can not iterate directory /home/pvelesko/datadog/r003hs/data.0, system error: No such file or directory, at file: vcs/perfrun1/launcher/src/directory_monitor.cpp:114
159162777 [47487312209664] WARN perfrun.launcher <> - Can not iterate directory /home/pvelesko/datadog/r003hs/data.0, system error: No such file or directory, at file: vcs/perfrun1/launcher/src/directory_monitor.cpp:114
159163777 [47487312209664] WARN perfrun.launcher <> - Can not iterate directory /home/pvelesko/datadog/r003hs/data.0, system error: No such file or directory, at file: vcs/perfrun1/launcher/src/directory_monitor.cpp:114
159164778 [47487312209664] WARN perfrun.launcher <> - Can not iterate directory /home/pvelesko/datadog/r003hs/data.0, system error: No such file or directory, at file: vcs/perfrun1/launcher/src/directory_monitor.cpp:114
159165778 [47487312209664] WARN perfrun.launcher <> - Can not iterate directory /home/pvelesko/datadog/r003hs/data.0, system error: No such file or directory, at file: vcs/perfrun1/launcher/src/directory_monitor.cpp:114
159166779 [47487312209664] WARN perfrun.launcher <> - Can not iterate directory /home/pvelesko/datadog/r003hs/data.0, system error: No such file or directory, at file: vcs/perfrun1/launcher/src/directory_monitor.cpp:114
159167779 [47487312209664] WARN perfrun.launcher <> - Can not iterate directory /home/pvelesko/datadog/r003hs/data.0, system error: No such file or directory, at file: vcs/perfrun1/launcher/src/directory_monitor.cpp:114
159168779 [47487312209664] WARN perfrun.launcher <> - Can not iterate directory /home/pvelesko/datadog/r003hs/data.0, system error: No such file or directory, at file: vcs/perfrun1/launcher/src/directory_monitor.cpp:114
159169780 [47487312209664] WARN perfrun.launcher <> - Can not iterate directory /home/pvelesko/datadog/r003hs/data.0, system error: No such file or directory, at file: vcs/perfrun1/launcher/src/directory_monitor.cpp:114
159170780 [47487312209664] WARN perfrun.launcher <> - Can not iterate directory /home/pvelesko/datadog/r003hs/data.0, system error: No such file or directory, at file: vcs/perfrun1/launcher/src/directory_monitor.cpp:114
159171780 [47487312209664] WARN perfrun.launcher <> - Can not iterate directory /home/pvelesko/datadog/r003hs/data.0, system error: No such file or directory, at file: vcs/perfrun1/launcher/src/directory_monitor.cpp:114
159172781 [47487312209664] WARN perfrun.launcher <> - Can not iterate directory /home/pvelesko/datadog/r003hs/data.0, system error: No such file or directory, at file: vcs/perfrun1/launcher/src/directory_monitor.cpp:114
159173781 [47487312209664] WARN perfrun.launcher <> - Can not iterate directory /home/pvelesko/datadog/r003hs/data.0, system error: No such file or directory, at file: vcs/perfrun1/launcher/src/directory_monitor.cpp:114
159174782 [47487312209664] WARN perfrun.launcher <> - Can not iterate directory /home/pvelesko/datadog/r003hs/data.0, system error: No such file or directory, at file: vcs/perfrun1/launcher/src/directory_monitor.cpp:114
159175782 [47487312209664] WARN perfrun.launcher <> - Can not iterate directory /home/pvelesko/datadog/r003hs/data.0, system error: No such file or directory, at file: vcs/perfrun1/launcher/src/directory_monitor.cpp:114
159176782 [47487312209664] WARN perfrun.launcher <> - Can not iterate directory /home/pvelesko/datadog/r003hs/data.0, system error: No such file or directory, at file: vcs/perfrun1/launcher/src/directory_monitor.cpp:114
159177783 [47487312209664] WARN perfrun.launcher <> - Can not iterate directory /home/pvelesko/datadog/r003hs/data.0, system error: No such file or directory, at file: vcs/perfrun1/launcher/src/directory_monitor.cpp:114
159178783 [47487312209664] WARN perfrun.launcher <> - Can not iterate directory /home/pvelesko/datadog/r003hs/data.0, system error: No such file or directory, at file: vcs/perfrun1/launcher/src/directory_monitor.cpp:114
159179783 [47487312209664] WARN perfrun.launcher <> - Can not iterate directory /home/pvelesko/datadog/r003hs/data.0, system error: No such file or directory, at file: vcs/perfrun1/launcher/src/directory_monitor.cpp:114
159180784 [47487312209664] WARN perfrun.launcher <> - Can not iterate directory /home/pvelesko/datadog/r003hs/data.0, system error: No such file or directory, at file: vcs/perfrun1/launcher/src/directory_monitor.cpp:114
159181784 [47487312209664] WARN perfrun.launcher <> - Can not iterate directory /home/pvelesko/datadog/r003hs/data.0, system error: No such file or directory, at file: vcs/perfrun1/launcher/src/directory_monitor.cpp:114
159182785 [47487312209664] WARN perfrun.launcher <> - Can not iterate directory /home/pvelesko/datadog/r003hs/data.0, system error: No such file or directory, at file: vcs/perfrun1/launcher/src/directory_monitor.cpp:114
159183785 [47487312209664] WARN perfrun.launcher <> - Can not iterate directory /home/pvelesko/datadog/r003hs/data.0, system error: No such file or directory, at file: vcs/perfrun1/launcher/src/directory_monitor.cpp:114
159184785 [47487312209664] WARN perfrun.launcher <> - Can not iterate directory /home/pvelesko/datadog/r003hs/data.0, system error: No such file or directory, at file: vcs/perfrun1/launcher/src/directory_monitor.cpp:114
159185786 [47487312209664] WARN perfrun.launcher <> - Can not iterate directory /home/pvelesko/datadog/r003hs/data.0, system error: No such file or directory, at file: vcs/perfrun1/launcher/src/directory_monitor.cpp:114
159186786 [47487312209664] WARN perfrun.launcher <> - Can not iterate directory /home/pvelesko/datadog/r003hs/data.0, system error: No such file or directory, at file: vcs/perfrun1/launcher/src/directory_monitor.cpp:114
159187786 [47487312209664] WARN perfrun.launcher <> - Can not iterate directory /home/pvelesko/datadog/r003hs/data.0, system error: No such file or directory, at file: vcs/perfrun1/launcher/src/directory_monitor.cpp:114
159188787 [47487312209664] WARN perfrun.launcher <> - Can not iterate directory /home/pvelesko/datadog/r003hs/data.0, system error: No such file or directory, at file: vcs/perfrun1/launcher/src/directory_monitor.cpp:114
159189787 [47487312209664] WARN perfrun.launcher <> - Can not iterate directory /home/pvelesko/datadog/r003hs/data.0, system error: No such file or directory, at file: vcs/perfrun1/launcher/src/directory_monitor.cpp:114
159190788 [47487312209664] WARN perfrun.launcher <> - Can not iterate directory /home/pvelesko/datadog/r003hs/data.0, system error: No such file or directory, at file: vcs/perfrun1/launcher/src/directory_monitor.cpp:114
159191788 [47487312209664] WARN perfrun.launcher <> - Can not iterate directory /home/pvelesko/datadog/r003hs/data.0, system error: No such file or directory, at file: vcs/perfrun1/launcher/src/directory_monitor.cpp:114
159192788 [47487312209664] WARN perfrun.launcher <> - Can not iterate directory /home/pvelesko/datadog/r003hs/data.0, system error: No such file or directory, at file: vcs/perfrun1/launcher/src/directory_monitor.cpp:114
159193789 [47487312209664] WARN perfrun.launcher <> - Can not iterate directory /home/pvelesko/datadog/r003hs/data.0, system error: No such file or directory, at file: vcs/perfrun1/launcher/src/directory_monitor.cpp:114
159194789 [47487312209664] WARN perfrun.launcher <> - Can not iterate directory /home/pvelesko/datadog/r003hs/data.0, system error: No such file or directory, at file: vcs/perfrun1/launcher/src/directory_monitor.cpp:114
159195789 [47487312209664] WARN perfrun.launcher <> - Can not iterate directory /home/pvelesko/datadog/r003hs/data.0, system error: No such file or directory, at file: vcs/perfrun1/launcher/src/directory_monitor.cpp:114
159196790 [47487312209664] WARN perfrun.launcher <> - Can not iterate directory /home/pvelesko/datadog/r003hs/data.0, system error: No such file or directory, at file: vcs/perfrun1/launcher/src/directory_monitor.cpp:114
159197790 [47487312209664] WARN perfrun.launcher <> - Can not iterate directory /home/pvelesko/datadog/r003hs/data.0, system error: No such file or directory, at file: vcs/perfrun1/launcher/src/directory_monitor.cpp:114
159198791 [47487312209664] WARN perfrun.launcher <> - Can not iterate directory /home/pvelesko/datadog/r003hs/data.0, system error: No such file or directory, at file: vcs/perfrun1/launcher/src/directory_monitor.cpp:114
159199791 [47487312209664] WARN perfrun.launcher <> - Can not iterate directory /home/pvelesko/datadog/r003hs/data.0, system error: No such file or directory, at file: vcs/perfrun1/launcher/src/directory_monitor.cpp:114
159200791 [47487312209664] WARN perfrun.launcher <> - Can not iterate directory /home/pvelesko/datadog/r003hs/data.0, system error: No such file or directory, at file: vcs/perfrun1/launcher/src/directory_monitor.cpp:114
159201792 [47487312209664] WARN perfrun.launcher <> - Can not iterate directory /home/pvelesko/datadog/r003hs/data.0, system error: No such file or directory, at file: vcs/perfrun1/launcher/src/directory_monitor.cpp:114
159202792 [47487312209664] WARN perfrun.launcher <> - Can not iterate directory /home/pvelesko/datadog/r003hs/data.0, system error: No such file or directory, at file: vcs/perfrun1/launcher/src/directory_monitor.cpp:114
159203792 [47487312209664] WARN perfrun.launcher <> - Can not iterate directory /home/pvelesko/datadog/r003hs/data.0, system error: No such file or directory, at file: vcs/perfrun1/launcher/src/directory_monitor.cpp:114
159204793 [47487312209664] WARN perfrun.launcher <> - Can not iterate directory /home/pvelesko/datadog/r003hs/data.0, system error: No such file or directory, at file: vcs/perfrun1/launcher/src/directory_monitor.cpp:114
159205793 [47487312209664] WARN perfrun.launcher <> - Can not iterate directory /home/pvelesko/datadog/r003hs/data.0, system error: No such file or directory, at file: vcs/perfrun1/launcher/src/directory_monitor.cpp:114
159206794 [47487312209664] WARN perfrun.launcher <> - Can not iterate directory /home/pvelesko/datadog/r003hs/data.0, system error: No such file or directory, at file: vcs/perfrun1/launcher/src/directory_monitor.cpp:114
159207794 [47487312209664] WARN perfrun.launcher <> - Can not iterate directory /home/pvelesko/datadog/r003hs/data.0, system error: No such file or directory, at file: vcs/perfrun1/launcher/src/directory_monitor.cpp:114
159208794 [47487312209664] WARN perfrun.launcher <> - Can not iterate directory /home/pvelesko/datadog/r003hs/data.0, system error: No such file or directory, at file: vcs/perfrun1/launcher/src/directory_monitor.cpp:114
159209795 [47487312209664] WARN perfrun.launcher <> - Can not iterate directory /home/pvelesko/datadog/r003hs/data.0, system error: No such file or directory, at file: vcs/perfrun1/launcher/src/directory_monitor.cpp:114
159210795 [47487312209664] WARN perfrun.launcher <> - Can not iterate directory /home/pvelesko/datadog/r003hs/data.0, system error: No such file or directory, at file: vcs/perfrun1/launcher/src/directory_monitor.cpp:114
159211796 [47487312209664] WARN perfrun.launcher <> - Can not iterate directory /home/pvelesko/datadog/r003hs/data.0, system error: No such file or directory, at file: vcs/perfrun1/launcher/src/directory_monitor.cpp:114
159212796 [47487312209664] WARN perfrun.launcher <> - Can not iterate directory /home/pvelesko/datadog/r003hs/data.0, system error: No such file or directory, at file: vcs/perfrun1/launcher/src/directory_monitor.cpp:114
159213796 [47487312209664] WARN perfrun.launcher <> - Can not iterate directory /home/pvelesko/datadog/r003hs/data.0, system error: No such file or directory, at file: vcs/perfrun1/launcher/src/directory_monitor.cpp:114
159214797 [47487312209664] WARN perfrun.launcher <> - Can not iterate directory /home/pvelesko/datadog/r003hs/data.0, system error: No such file or directory, at file: vcs/perfrun1/launcher/src/directory_monitor.cpp:114
159215797 [47487312209664] WARN perfrun.launcher <> - Can not iterate directory /home/pvelesko/datadog/r003hs/data.0, system error: No such file or directory, at file: vcs/perfrun1/launcher/src/directory_monitor.cpp:114
159216797 [47487312209664] WARN perfrun.launcher <> - Can not iterate directory /home/pvelesko/datadog/r003hs/data.0, system error: No such file or directory, at file: vcs/perfrun1/launcher/src/directory_monitor.cpp:114
159217798 [47487312209664] WARN perfrun.launcher <> - Can not iterate directory /home/pvelesko/datadog/r003hs/data.0, system error: No such file or directory, at file: vcs/perfrun1/launcher/src/directory_monitor.cpp:114
159218798 [47487312209664] WARN perfrun.launcher <> - Can not iterate directory /home/pvelesko/datadog/r003hs/data.0, system error: No such file or directory, at file: vcs/perfrun1/launcher/src/directory_monitor.cpp:114
159219799 [47487312209664] WARN perfrun.launcher <> - Can not iterate directory /home/pvelesko/datadog/r003hs/data.0, system error: No such file or directory, at file: vcs/perfrun1/launcher/src/directory_monitor.cpp:114
159220799 [47487312209664] WARN perfrun.launcher <> - Can not iterate directory /home/pvelesko/datadog/r003hs/data.0, system error: No such file or directory, at file: vcs/perfrun1/launcher/src/directory_monitor.cpp:114
159221799 [47487312209664] WARN perfrun.launcher <> - Can not iterate directory /home/pvelesko/datadog/r003hs/data.0, system error: No such file or directory, at file: vcs/perfrun1/launcher/src/directory_monitor.cpp:114
159222800 [47487312209664] WARN perfrun.launcher <> - Can not iterate directory /home/pvelesko/datadog/r003hs/data.0, system error: No such file or directory, at file: vcs/perfrun1/launcher/src/directory_monitor.cpp:114
159223800 [47487312209664] WARN perfrun.launcher <> - Can not iterate directory /home/pvelesko/datadog/r003hs/data.0, system error: No such file or directory, at file: vcs/perfrun1/launcher/src/directory_monitor.cpp:114
159224800 [47487312209664] WARN perfrun.launcher <> - Can not iterate directory /home/pvelesko/datadog/r003hs/data.0, system error: No such file or directory, at file: vcs/perfrun1/launcher/src/directory_monitor.cpp:114
159225801 [47487312209664] WARN perfrun.launcher <> - Can not iterate directory /home/pvelesko/datadog/r003hs/data.0, system error: No such file or directory, at file: vcs/perfrun1/launcher/src/directory_monitor.cpp:114
159226801 [47487312209664] WARN perfrun.launcher <> - Can not iterate directory /home/pvelesko/datadog/r003hs/data.0, system error: No such file or directory, at file: vcs/perfrun1/launcher/src/directory_monitor.cpp:114
159227802 [47487312209664] WARN perfrun.launcher <> - Can not iterate directory /home/pvelesko/datadog/r003hs/data.0, system error: No such file or directory, at file: vcs/perfrun1/launcher/src/directory_monitor.cpp:114
159228802 [47487312209664] WARN perfrun.launcher <> - Can not iterate directory /home/pvelesko/datadog/r003hs/data.0, system error: No such file or directory, at file: vcs/perfrun1/launcher/src/directory_monitor.cpp:114
159229802 [47487312209664] WARN perfrun.launcher <> - Can not iterate directory /home/pvelesko/datadog/r003hs/data.0, system error: No such file or directory, at file: vcs/perfrun1/launcher/src/directory_monitor.cpp:114
159230803 [47487312209664] WARN perfrun.launcher <> - Can not iterate directory /home/pvelesko/datadog/r003hs/data.0, system error: No such file or directory, at file: vcs/perfrun1/launcher/src/directory_monitor.cpp:114
159231803 [47487312209664] WARN perfrun.launcher <> - Can not iterate directory /home/pvelesko/datadog/r003hs/data.0, system error: No such file or directory, at file: vcs/perfrun1/launcher/src/directory_monitor.cpp:114
159232804 [47487312209664] WARN perfrun.launcher <> - Can not iterate directory /home/pvelesko/datadog/r003hs/data.0, system error: No such file or directory, at file: vcs/perfrun1/launcher/src/directory_monitor.cpp:114
159233804 [47487312209664] WARN perfrun.launcher <> - Can not iterate directory /home/pvelesko/datadog/r003hs/data.0, system error: No such file or directory, at file: vcs/perfrun1/launcher/src/directory_monitor.cpp:114
159234805 [47487312209664] WARN perfrun.launcher <> - Can not iterate directory /home/pvelesko/datadog/r003hs/data.0, system error: No such file or directory, at file: vcs/perfrun1/launcher/src/directory_monitor.cpp:114
159235805 [47487312209664] WARN perfrun.launcher <> - Can not iterate directory /home/pvelesko/datadog/r003hs/data.0, system error: No such file or directory, at file: vcs/perfrun1/launcher/src/directory_monitor.cpp:114
159236805 [47487312209664] WARN perfrun.launcher <> - Can not iterate directory /home/pvelesko/datadog/r003hs/data.0, system error: No such file or directory, at file: vcs/perfrun1/launcher/src/directory_monitor.cpp:114
159237806 [47487312209664] WARN perfrun.launcher <> - Can not iterate directory /home/pvelesko/datadog/r003hs/data.0, system error: No such file or directory, at file: vcs/perfrun1/launcher/src/directory_monitor.cpp:114
